2026-01-09 10:28:39,823 [INFO] Starting download session - Log file: logs/download_20260109_102839.log
2026-01-09 10:31:19,764 [INFO] Starting download session - Log file: logs/download_20260109_103116.log
Loading paper IDs from papers_with_dois.txt...
Found 105,421 papers across 10 categories
  cs.LG: 31,093 papers
  cs.CV: 21,302 papers
  cs.AI: 17,899 papers
  cs.CL: 8,052 papers
  cs.CR: 7,757 papers
  cs.SE: 5,815 papers
  cs.DC: 5,372 papers
  cs.IR: 4,588 papers
  cs.MA: 1,839 papers
  cs.MM: 1,704 papers
Loading existing downloads from tracking file: pdfs/_successful_downloads.jsonl...
  Loaded 10,000 records...  Loaded 20,000 records...  Loaded 30,000 records...  Loaded 40,000 records...  Loaded 50,000 records...
Loaded 58,916 existing downloads from tracking file
Filtering out already downloaded papers...
Remaining to download: 46,505
Disk space check:
  Available: 6121.46 GB
  Estimated needed: 113.54 GB
Loading resume state from download_state.json...
Warning: Resume index 64,918 >= total files 46,505. Starting from beginning.
2026-01-09 10:31:35,077 [INFO] Starting parallel download of 46,505 files (40 concurrent workers)...
2026-01-09 10:31:35,077 [INFO] Output structure: {category}/{year_month}/{paper_id}.pdf
2026-01-09 10:31:35,077 [INFO] Successful downloads will be saved to: pdfs/_successful_downloads.jsonl
2026-01-09 10:31:35,077 [INFO] Failed downloads will be saved to: pdfs/_failed_downloads.jsonl
2026-01-09 10:31:35,077 [INFO] Disk space will be checked every 5,000 files
  [12] ✗ cs.AI/0805.4560 v1 - File not found
  [11] ✗ cs.AI/0805.0459 v1 - File not found
  [13] ✗ cs.AI/0806.2216 v1 - File not found
  [17] ✗ cs.AI/0811.0146 v1 - File not found
  [14] ✗ cs.AI/0810.2046 v1 - File not found
  [7] ✗ cs.AI/0803.2965 v1 - File not found
  [17] ✗ cs.AI/0811.0146 v2 - File not found
  [16] ✗ cs.AI/0811.0136 v1 - File not found
  [18] ✗ cs.AI/0812.3648 v1 - File not found
  [19] ✗ cs.AI/0901.4761 v1 - File not found
  [11] ✗ cs.AI/0805.0459 v2 - File not found
  [20] ✗ cs.AI/0904.3310 v1 - File not found
  [15] ✗ cs.AI/0811.0134 v1 - File not found
  [10] ✗ cs.AI/0803.3192 v1 - File not found
  [13] ✗ cs.AI/0806.2216 v2 - File not found
  [1] ✗ cs.AI/0704.3515 v1 - File not found
  [12] ✗ cs.AI/0805.4560 v2 - File not found
  [4] ✗ cs.AI/0710.4231 v1 - File not found
  [17] ✗ cs.AI/0811.0146 v3 - File not found
  [19] ✗ cs.AI/0901.4761 v2 - File not found
  [14] ✗ cs.AI/0810.2046 v2 - File not found
  [5] ✗ cs.AI/0712.0744 v1 - File not found
  [11] ✗ cs.AI/0805.0459 v3 - File not found
  [2] ✗ cs.AI/0709.2065 v1 - File not found
  [6] ✗ cs.AI/0803.1997 v1 - File not found
  [18] ✗ cs.AI/0812.3648 v2 - File not found
  [3] ✗ cs.AI/0709.4015 v1 - File not found
  [20] ✗ cs.AI/0904.3310 v2 - File not found
  [10] ✗ cs.AI/0803.3192 v2 - File not found
  [9] ✗ cs.AI/0803.2981 v1 - File not found
  [16] ✗ cs.AI/0811.0136 v2 - File not found
  [8] ✗ cs.AI/0803.2970 v1 - File not found
  [15] ✗ cs.AI/0811.0134 v2 - File not found
  [7] ✗ cs.AI/0803.2965 v2 - File not found
  [13] ✗ cs.AI/0806.2216 v3 - File not found
  [1] ✗ cs.AI/0704.3515 v2 - File not found
  [12] ✗ cs.AI/0805.4560 v3 - File not found
  [11] ✗ cs.AI/0805.0459 v4 - File not found
  [14] ✗ cs.AI/0810.2046 v3 - File not found
  [17] ✗ cs.AI/0811.0146 v4 - File not found
  [18] ✗ cs.AI/0812.3648 v3 - File not found
  [19] ✗ cs.AI/0901.4761 v3 - File not found
  [11] ✗ All versions failed: cs.AI/0805.0459
  [17] ✗ All versions failed: cs.AI/0811.0146
  [14] ✗ cs.AI/0810.2046 v4 - File not found
  [20] ✗ cs.AI/0904.3310 v3 - File not found
  [12] ✗ cs.AI/0805.4560 v4 - File not found
  [6] ✗ cs.AI/0803.1997 v2 - File not found
  [13] ✗ cs.AI/0806.2216 v4 - File not found
  [16] ✗ cs.AI/0811.0136 v3 - File not found
  [15] ✗ cs.AI/0811.0134 v3 - File not found
  [2] ✗ cs.AI/0709.2065 v2 - File not found
  [3] ✗ cs.AI/0709.4015 v2 - File not found
  [4] ✗ cs.AI/0710.4231 v2 - File not found
  [14] ✗ All versions failed: cs.AI/0810.2046
  [19] ✗ cs.AI/0901.4761 v4 - File not found
  [18] ✗ cs.AI/0812.3648 v4 - File not found
  [12] ✗ All versions failed: cs.AI/0805.4560
  [16] ✗ cs.AI/0811.0136 v4 - File not found
  [9] ✗ cs.AI/0803.2981 v2 - File not found
  [5] ✗ cs.AI/0712.0744 v2 - File not found
  [10] ✗ cs.AI/0803.3192 v3 - File not found
  [20] ✗ cs.AI/0904.3310 v4 - File not found
  [1] ✗ cs.AI/0704.3515 v3 - File not found
  [8] ✗ cs.AI/0803.2970 v2 - File not found
  [15] ✗ cs.AI/0811.0134 v4 - File not found
  [7] ✗ cs.AI/0803.2965 v3 - File not found
  [2] ✗ cs.AI/0709.2065 v3 - File not found
  [13] ✗ All versions failed: cs.AI/0806.2216
  [6] ✗ cs.AI/0803.1997 v3 - File not found
  [4] ✗ cs.AI/0710.4231 v3 - File not found
  [3] ✗ cs.AI/0709.4015 v3 - File not found
  [19] ✗ All versions failed: cs.AI/0901.4761
  [1] ✗ cs.AI/0704.3515 v4 - File not found
  [10] ✗ cs.AI/0803.3192 v4 - File not found
  [8] ✗ cs.AI/0803.2970 v3 - File not found
  [5] ✗ cs.AI/0712.0744 v3 - File not found
  [7] ✗ cs.AI/0803.2965 v4 - File not found
  [9] ✗ cs.AI/0803.2981 v3 - File not found
  [2] ✗ cs.AI/0709.2065 v4 - File not found
  [18] ✗ All versions failed: cs.AI/0812.3648
  [6] ✗ cs.AI/0803.1997 v4 - File not found
  [3] ✗ cs.AI/0709.4015 v4 - File not found
  [4] ✗ cs.AI/0710.4231 v4 - File not found
  [16] ✗ All versions failed: cs.AI/0811.0136
  [20] ✗ All versions failed: cs.AI/0904.3310
  [8] ✗ cs.AI/0803.2970 v4 - File not found
  [9] ✗ cs.AI/0803.2981 v4 - File not found
  [15] ✗ All versions failed: cs.AI/0811.0134
  [5] ✗ cs.AI/0712.0744 v4 - File not found
  [1] ✗ All versions failed: cs.AI/0704.3515
  [10] ✗ All versions failed: cs.AI/0803.3192
  [7] ✗ All versions failed: cs.AI/0803.2965
  [2] ✗ All versions failed: cs.AI/0709.2065
  [6] ✗ All versions failed: cs.AI/0803.1997
  [3] ✗ All versions failed: cs.AI/0709.4015
  [4] ✗ All versions failed: cs.AI/0710.4231
  [8] ✗ All versions failed: cs.AI/0803.2970
  [9] ✗ All versions failed: cs.AI/0803.2981
  [5] ✗ All versions failed: cs.AI/0712.0744

  📊 Progress: 50/46,505 (0.11%) | ✓ 0 | ✗ 50 | Rate: 0.5/s | ETA: 1487m

  📊 Progress: 100/46,505 (0.22%) | ✓ 0 | ✗ 100 | Rate: 0.6/s | ETA: 1352m

  📊 Progress: 150/46,505 (0.32%) | ✓ 0 | ✗ 150 | Rate: 0.6/s | ETA: 1258m

  📊 Progress: 200/46,505 (0.43%) | ✓ 0 | ✗ 200 | Rate: 0.7/s | ETA: 1184m

  📊 Progress: 250/46,505 (0.54%) | ✓ 0 | ✗ 250 | Rate: 0.7/s | ETA: 1178m

  📊 Progress: 300/46,505 (0.65%) | ✓ 0 | ✗ 300 | Rate: 0.6/s | ETA: 1281m

  📊 Progress: 350/46,505 (0.75%) | ✓ 0 | ✗ 350 | Rate: 0.6/s | ETA: 1355m

  📊 Progress: 400/46,505 (0.86%) | ✓ 0 | ✗ 400 | Rate: 0.6/s | ETA: 1363m

  📊 Progress: 450/46,505 (0.97%) | ✓ 0 | ✗ 450 | Rate: 0.5/s | ETA: 1406m

  📊 Progress: 500/46,505 (1.08%) | ✓ 0 | ✗ 500 | Rate: 0.5/s | ETA: 1397m

  📊 Progress: 550/46,505 (1.18%) | ✓ 0 | ✗ 550 | Rate: 0.6/s | ETA: 1350m

  📊 Progress: 600/46,505 (1.29%) | ✓ 0 | ✗ 600 | Rate: 0.6/s | ETA: 1314m

  📊 Progress: 650/46,505 (1.40%) | ✓ 0 | ✗ 650 | Rate: 0.6/s | ETA: 1302m

  📊 Progress: 700/46,505 (1.51%) | ✓ 0 | ✗ 700 | Rate: 0.6/s | ETA: 1268m

  📊 Progress: 750/46,505 (1.61%) | ✓ 0 | ✗ 750 | Rate: 0.6/s | ETA: 1242m

  📊 Progress: 800/46,505 (1.72%) | ✓ 0 | ✗ 800 | Rate: 0.6/s | ETA: 1207m

  📊 Progress: 850/46,505 (1.83%) | ✓ 0 | ✗ 850 | Rate: 0.6/s | ETA: 1196m

  📊 Progress: 900/46,505 (1.94%) | ✓ 0 | ✗ 900 | Rate: 0.6/s | ETA: 1181m

  📊 Progress: 950/46,505 (2.04%) | ✓ 0 | ✗ 950 | Rate: 0.6/s | ETA: 1221m
  [1,000] ✗ cs.AI/2509.15040 v1 - File not found
  [1,000] ✗ cs.AI/2509.15040 v2 - File not found
  [1,000] ✗ cs.AI/2509.15040 v3 - File not found
  [1,000] ✗ cs.AI/2509.15040 v4 - File not found
  [1,000] ✗ All versions failed: cs.AI/2509.15040

  📊 Progress: 1,050/46,505 (2.26%) | ✓ 0 | ✗ 1,050 | Rate: 0.6/s | ETA: 1260m

  📊 Progress: 1,100/46,505 (2.37%) | ✓ 0 | ✗ 1,100 | Rate: 0.6/s | ETA: 1273m

  📊 Progress: 1,150/46,505 (2.47%) | ✓ 0 | ✗ 1,150 | Rate: 0.6/s | ETA: 1263m

  📊 Progress: 1,200/46,505 (2.58%) | ✓ 0 | ✗ 1,200 | Rate: 0.6/s | ETA: 1240m

  📊 Progress: 1,250/46,505 (2.69%) | ✓ 0 | ✗ 1,250 | Rate: 0.6/s | ETA: 1230m

  📊 Progress: 1,300/46,505 (2.80%) | ✓ 0 | ✗ 1,300 | Rate: 0.6/s | ETA: 1224m

  📊 Progress: 1,350/46,505 (2.90%) | ✓ 0 | ✗ 1,350 | Rate: 0.6/s | ETA: 1210m

  📊 Progress: 1,400/46,505 (3.01%) | ✓ 0 | ✗ 1,400 | Rate: 0.6/s | ETA: 1192m

  📊 Progress: 1,450/46,505 (3.12%) | ✓ 0 | ✗ 1,450 | Rate: 0.6/s | ETA: 1180m

  📊 Progress: 1,550/46,505 (3.33%) | ✓ 0 | ✗ 1,550 | Rate: 0.7/s | ETA: 1149m

  📊 Progress: 1,600/46,505 (3.44%) | ✓ 0 | ✗ 1,600 | Rate: 0.7/s | ETA: 1119m

  📊 Progress: 1,650/46,505 (3.55%) | ✓ 0 | ✗ 1,650 | Rate: 0.7/s | ETA: 1115m

  📊 Progress: 1,700/46,505 (3.66%) | ✓ 0 | ✗ 1,700 | Rate: 0.7/s | ETA: 1103m

  📊 Progress: 1,750/46,505 (3.76%) | ✓ 0 | ✗ 1,750 | Rate: 0.7/s | ETA: 1096m

  📊 Progress: 1,800/46,505 (3.87%) | ✓ 0 | ✗ 1,800 | Rate: 0.7/s | ETA: 1088m

  📊 Progress: 1,850/46,505 (3.98%) | ✓ 0 | ✗ 1,850 | Rate: 0.7/s | ETA: 1078m

  📊 Progress: 1,900/46,505 (4.09%) | ✓ 0 | ✗ 1,900 | Rate: 0.7/s | ETA: 1071m

  📊 Progress: 1,950/46,505 (4.19%) | ✓ 0 | ✗ 1,950 | Rate: 0.7/s | ETA: 1066m
  [2,000] ✗ cs.CL/2006.00459 v1 - File not found
  [2,000] ✗ cs.CL/2006.00459 v2 - File not found
  [2,000] ✗ cs.CL/2006.00459 v3 - File not found
  [2,000] ✗ cs.CL/2006.00459 v4 - File not found

  📊 Progress: 2,000/46,505 (4.30%) | ✓ 0 | ✗ 2,000 | Rate: 0.7/s | ETA: 1062m
  [2,000] ✗ All versions failed: cs.CL/2006.00459

  📊 Progress: 2,050/46,505 (4.41%) | ✓ 0 | ✗ 2,050 | Rate: 0.7/s | ETA: 1064m

  📊 Progress: 2,100/46,505 (4.52%) | ✓ 0 | ✗ 2,100 | Rate: 0.7/s | ETA: 1061m

  📊 Progress: 2,150/46,505 (4.62%) | ✓ 0 | ✗ 2,150 | Rate: 0.7/s | ETA: 1062m

  📊 Progress: 2,200/46,505 (4.73%) | ✓ 0 | ✗ 2,200 | Rate: 0.7/s | ETA: 1068m

  📊 Progress: 2,250/46,505 (4.84%) | ✓ 0 | ✗ 2,250 | Rate: 0.7/s | ETA: 1057m

  📊 Progress: 2,300/46,505 (4.95%) | ✓ 0 | ✗ 2,300 | Rate: 0.7/s | ETA: 1062m

  📊 Progress: 2,350/46,505 (5.05%) | ✓ 0 | ✗ 2,350 | Rate: 0.7/s | ETA: 1066m

  📊 Progress: 2,400/46,505 (5.16%) | ✓ 0 | ✗ 2,400 | Rate: 0.7/s | ETA: 1070m

  📊 Progress: 2,450/46,505 (5.27%) | ✓ 0 | ✗ 2,450 | Rate: 0.7/s | ETA: 1063m

  📊 Progress: 2,500/46,505 (5.38%) | ✓ 0 | ✗ 2,500 | Rate: 0.7/s | ETA: 1058m

  📊 Progress: 2,550/46,505 (5.48%) | ✓ 0 | ✗ 2,550 | Rate: 0.7/s | ETA: 1050m

  📊 Progress: 2,600/46,505 (5.59%) | ✓ 0 | ✗ 2,600 | Rate: 0.7/s | ETA: 1039m

  📊 Progress: 2,650/46,505 (5.70%) | ✓ 0 | ✗ 2,650 | Rate: 0.7/s | ETA: 1039m

  📊 Progress: 2,700/46,505 (5.81%) | ✓ 0 | ✗ 2,700 | Rate: 0.7/s | ETA: 1032m

  📊 Progress: 2,750/46,505 (5.91%) | ✓ 0 | ✗ 2,750 | Rate: 0.7/s | ETA: 1024m

  📊 Progress: 2,800/46,505 (6.02%) | ✓ 0 | ✗ 2,800 | Rate: 0.7/s | ETA: 1021m

  📊 Progress: 2,850/46,505 (6.13%) | ✓ 0 | ✗ 2,850 | Rate: 0.7/s | ETA: 1015m

  📊 Progress: 2,900/46,505 (6.24%) | ✓ 0 | ✗ 2,900 | Rate: 0.7/s | ETA: 1010m

  📊 Progress: 2,950/46,505 (6.34%) | ✓ 0 | ✗ 2,950 | Rate: 0.7/s | ETA: 1004m
  [3,000] ✗ cs.CR/2509.13627 v1 - File not found
  [3,000] ✗ cs.CR/2509.13627 v2 - File not found
  [3,000] ✗ cs.CR/2509.13627 v3 - File not found

  📊 Progress: 3,000/46,505 (6.45%) | ✓ 0 | ✗ 3,000 | Rate: 0.7/s | ETA: 997m
  [3,000] ✗ cs.CR/2509.13627 v4 - File not found
  [3,000] ✗ All versions failed: cs.CR/2509.13627

  📊 Progress: 3,050/46,505 (6.56%) | ✓ 0 | ✗ 3,050 | Rate: 0.7/s | ETA: 989m

  📊 Progress: 3,100/46,505 (6.67%) | ✓ 0 | ✗ 3,100 | Rate: 0.7/s | ETA: 986m

  📊 Progress: 3,150/46,505 (6.77%) | ✓ 0 | ✗ 3,150 | Rate: 0.7/s | ETA: 974m

  📊 Progress: 3,200/46,505 (6.88%) | ✓ 0 | ✗ 3,200 | Rate: 0.8/s | ETA: 960m

  📊 Progress: 3,250/46,505 (6.99%) | ✓ 0 | ✗ 3,250 | Rate: 0.8/s | ETA: 960m

  📊 Progress: 3,300/46,505 (7.10%) | ✓ 0 | ✗ 3,300 | Rate: 0.8/s | ETA: 956m

  📊 Progress: 3,350/46,505 (7.20%) | ✓ 0 | ✗ 3,350 | Rate: 0.8/s | ETA: 955m

  📊 Progress: 3,400/46,505 (7.31%) | ✓ 0 | ✗ 3,400 | Rate: 0.8/s | ETA: 951m

  📊 Progress: 3,450/46,505 (7.42%) | ✓ 0 | ✗ 3,450 | Rate: 0.8/s | ETA: 949m

  📊 Progress: 3,500/46,505 (7.53%) | ✓ 0 | ✗ 3,500 | Rate: 0.8/s | ETA: 947m

  📊 Progress: 3,550/46,505 (7.63%) | ✓ 0 | ✗ 3,550 | Rate: 0.8/s | ETA: 945m

  📊 Progress: 3,600/46,505 (7.74%) | ✓ 0 | ✗ 3,600 | Rate: 0.8/s | ETA: 943m

  📊 Progress: 3,650/46,505 (7.85%) | ✓ 0 | ✗ 3,650 | Rate: 0.8/s | ETA: 939m

  📊 Progress: 3,700/46,505 (7.96%) | ✓ 0 | ✗ 3,700 | Rate: 0.8/s | ETA: 934m

  📊 Progress: 3,750/46,505 (8.06%) | ✓ 0 | ✗ 3,750 | Rate: 0.8/s | ETA: 930m

  📊 Progress: 3,800/46,505 (8.17%) | ✓ 0 | ✗ 3,800 | Rate: 0.8/s | ETA: 928m

  📊 Progress: 3,850/46,505 (8.28%) | ✓ 0 | ✗ 3,850 | Rate: 0.8/s | ETA: 924m

  📊 Progress: 3,900/46,505 (8.39%) | ✓ 0 | ✗ 3,900 | Rate: 0.8/s | ETA: 919m

  📊 Progress: 3,950/46,505 (8.49%) | ✓ 0 | ✗ 3,950 | Rate: 0.8/s | ETA: 913m
  [4,000] ✗ cs.CV/1902.05376 v1 - File not found
  [4,000] ✗ cs.CV/1902.05376 v2 - File not found
  [4,000] ✗ cs.CV/1902.05376 v3 - File not found

  📊 Progress: 4,000/46,505 (8.60%) | ✓ 0 | ✗ 4,000 | Rate: 0.8/s | ETA: 909m
  [4,000] ✗ cs.CV/1902.05376 v4 - File not found
  [4,000] ✗ All versions failed: cs.CV/1902.05376

  📊 Progress: 4,050/46,505 (8.71%) | ✓ 0 | ✗ 4,050 | Rate: 0.8/s | ETA: 906m

  📊 Progress: 4,100/46,505 (8.82%) | ✓ 0 | ✗ 4,100 | Rate: 0.8/s | ETA: 904m

  📊 Progress: 4,150/46,505 (8.92%) | ✓ 0 | ✗ 4,150 | Rate: 0.8/s | ETA: 900m

  📊 Progress: 4,200/46,505 (9.03%) | ✓ 0 | ✗ 4,200 | Rate: 0.8/s | ETA: 894m

  📊 Progress: 4,250/46,505 (9.14%) | ✓ 0 | ✗ 4,250 | Rate: 0.8/s | ETA: 890m

  📊 Progress: 4,300/46,505 (9.25%) | ✓ 0 | ✗ 4,300 | Rate: 0.8/s | ETA: 888m

  📊 Progress: 4,350/46,505 (9.35%) | ✓ 0 | ✗ 4,350 | Rate: 0.8/s | ETA: 884m

  📊 Progress: 4,400/46,505 (9.46%) | ✓ 0 | ✗ 4,400 | Rate: 0.8/s | ETA: 882m

  📊 Progress: 4,450/46,505 (9.57%) | ✓ 0 | ✗ 4,450 | Rate: 0.8/s | ETA: 878m

  📊 Progress: 4,500/46,505 (9.68%) | ✓ 0 | ✗ 4,500 | Rate: 0.8/s | ETA: 873m

  📊 Progress: 4,550/46,505 (9.78%) | ✓ 0 | ✗ 4,550 | Rate: 0.8/s | ETA: 871m

  📊 Progress: 4,600/46,505 (9.89%) | ✓ 0 | ✗ 4,600 | Rate: 0.8/s | ETA: 869m

  📊 Progress: 4,650/46,505 (10.00%) | ✓ 0 | ✗ 4,650 | Rate: 0.8/s | ETA: 867m

  📊 Progress: 4,700/46,505 (10.11%) | ✓ 0 | ✗ 4,700 | Rate: 0.8/s | ETA: 865m

  📊 Progress: 4,750/46,505 (10.21%) | ✓ 0 | ✗ 4,750 | Rate: 0.8/s | ETA: 863m

  📊 Progress: 4,800/46,505 (10.32%) | ✓ 0 | ✗ 4,800 | Rate: 0.8/s | ETA: 861m

  📊 Progress: 4,850/46,505 (10.43%) | ✓ 0 | ✗ 4,850 | Rate: 0.8/s | ETA: 857m

  📊 Progress: 4,900/46,505 (10.54%) | ✓ 0 | ✗ 4,900 | Rate: 0.8/s | ETA: 853m

  📊 Progress: 4,950/46,505 (10.64%) | ✓ 0 | ✗ 4,950 | Rate: 0.8/s | ETA: 852m
  [5,000] ✗ cs.DC/1206.0419 v1 - File not found
  [5,000] ✗ cs.DC/1206.0419 v2 - File not found
  [5,000] ✗ cs.DC/1206.0419 v3 - File not found
  [5,000] ✗ cs.DC/1206.0419 v4 - File not found

  📊 Progress: 5,000/46,505 (10.75%) | ✓ 0 | ✗ 5,000 | Rate: 0.8/s | ETA: 850m
  [5,000] ✗ All versions failed: cs.DC/1206.0419

  📊 Progress: 5,050/46,505 (10.86%) | ✓ 0 | ✗ 5,050 | Rate: 0.8/s | ETA: 848m

  📊 Progress: 5,100/46,505 (10.97%) | ✓ 0 | ✗ 5,100 | Rate: 0.8/s | ETA: 844m

  📊 Progress: 5,150/46,505 (11.07%) | ✓ 0 | ✗ 5,150 | Rate: 0.8/s | ETA: 843m

  📊 Progress: 5,200/46,505 (11.18%) | ✓ 0 | ✗ 5,200 | Rate: 0.8/s | ETA: 842m

  📊 Progress: 5,250/46,505 (11.29%) | ✓ 0 | ✗ 5,250 | Rate: 0.8/s | ETA: 841m

  📊 Progress: 5,300/46,505 (11.40%) | ✓ 0 | ✗ 5,300 | Rate: 0.8/s | ETA: 841m

  📊 Progress: 5,350/46,505 (11.50%) | ✓ 0 | ✗ 5,350 | Rate: 0.8/s | ETA: 841m

  📊 Progress: 5,400/46,505 (11.61%) | ✓ 0 | ✗ 5,400 | Rate: 0.8/s | ETA: 841m

  📊 Progress: 5,450/46,505 (11.72%) | ✓ 0 | ✗ 5,450 | Rate: 0.8/s | ETA: 841m

  📊 Progress: 5,500/46,505 (11.83%) | ✓ 0 | ✗ 5,500 | Rate: 0.8/s | ETA: 839m

  📊 Progress: 5,600/46,505 (12.04%) | ✓ 0 | ✗ 5,600 | Rate: 0.8/s | ETA: 832m

  📊 Progress: 5,650/46,505 (12.15%) | ✓ 0 | ✗ 5,650 | Rate: 0.8/s | ETA: 831m

  📊 Progress: 5,700/46,505 (12.26%) | ✓ 0 | ✗ 5,700 | Rate: 0.8/s | ETA: 831m

  📊 Progress: 5,750/46,505 (12.36%) | ✓ 0 | ✗ 5,750 | Rate: 0.8/s | ETA: 831m

  📊 Progress: 5,800/46,505 (12.47%) | ✓ 0 | ✗ 5,800 | Rate: 0.8/s | ETA: 831m

  📊 Progress: 5,850/46,505 (12.58%) | ✓ 0 | ✗ 5,850 | Rate: 0.8/s | ETA: 831m

  📊 Progress: 5,900/46,505 (12.69%) | ✓ 0 | ✗ 5,900 | Rate: 0.8/s | ETA: 831m

  📊 Progress: 5,950/46,505 (12.79%) | ✓ 0 | ✗ 5,950 | Rate: 0.8/s | ETA: 834m
  [6,000] ✗ cs.IR/2508.18700 v1 - File not found
  [6,000] ✗ cs.IR/2508.18700 v2 - File not found
  [6,000] ✗ cs.IR/2508.18700 v3 - File not found
  [6,000] ✗ cs.IR/2508.18700 v4 - File not found

  📊 Progress: 6,000/46,505 (12.90%) | ✓ 0 | ✗ 6,000 | Rate: 0.8/s | ETA: 835m
  [6,000] ✗ All versions failed: cs.IR/2508.18700

  📊 Progress: 6,100/46,505 (13.12%) | ✓ 1 | ✗ 6,099 | Rate: 0.8/s | ETA: 829m
  [6,200] ✓ cs.LG/1104.5617 (v1)

  📊 Progress: 6,200/46,505 (13.33%) | ✓ 66 | ✗ 6,134 | Rate: 0.8/s | ETA: 819m

  📊 Progress: 6,200/46,505 (13.33%) | ✓ 66 | ✗ 6,134 | Rate: 0.8/s | ETA: 819m

  📊 Progress: 6,200/46,505 (13.33%) | ✓ 66 | ✗ 6,134 | Rate: 0.8/s | ETA: 819m

  📊 Progress: 6,200/46,505 (13.33%) | ✓ 66 | ✗ 6,134 | Rate: 0.8/s | ETA: 820m
  [6,400] ✓ cs.LG/1301.2603 (v1)

  📊 Progress: 6,500/46,505 (13.98%) | ✓ 323 | ✗ 6,177 | Rate: 0.8/s | ETA: 800m

  📊 Progress: 6,500/46,505 (13.98%) | ✓ 323 | ✗ 6,177 | Rate: 0.8/s | ETA: 800m

  📊 Progress: 6,500/46,505 (13.98%) | ✓ 323 | ✗ 6,177 | Rate: 0.8/s | ETA: 800m
  [6,500] ✓ cs.LG/1308.5835 (v1)

  📊 Progress: 6,800/46,505 (14.62%) | ✓ 541 | ✗ 6,259 | Rate: 0.8/s | ETA: 786m

  📊 Progress: 6,800/46,505 (14.62%) | ✓ 541 | ✗ 6,259 | Rate: 0.8/s | ETA: 786m
  [6,800] ✓ cs.LG/1411.6231 (v1)
  [6,900] ✓ cs.LG/1503.04964 (v1)

  📊 Progress: 6,950/46,505 (14.94%) | ✓ 675 | ✗ 6,275 | Rate: 0.8/s | ETA: 779m

  📊 Progress: 6,950/46,505 (14.94%) | ✓ 675 | ✗ 6,275 | Rate: 0.8/s | ETA: 779m

  📊 Progress: 7,000/46,505 (15.05%) | ✓ 720 | ✗ 6,280 | Rate: 0.8/s | ETA: 779m

  📊 Progress: 7,000/46,505 (15.05%) | ✓ 720 | ✗ 6,280 | Rate: 0.8/s | ETA: 779m

  📊 Progress: 7,000/46,505 (15.05%) | ✓ 720 | ✗ 6,280 | Rate: 0.8/s | ETA: 779m

  📊 Progress: 7,000/46,505 (15.05%) | ✓ 720 | ✗ 6,280 | Rate: 0.8/s | ETA: 779m

  📊 Progress: 7,000/46,505 (15.05%) | ✓ 720 | ✗ 6,280 | Rate: 0.8/s | ETA: 779m
  [7,000] ✓ cs.LG/1508.00230 (v1)
  [7,100] ✓ cs.LG/1511.05261 (v1)

  📊 Progress: 7,200/46,505 (15.48%) | ✓ 901 | ✗ 6,299 | Rate: 0.9/s | ETA: 769m

  📊 Progress: 7,200/46,505 (15.48%) | ✓ 901 | ✗ 6,299 | Rate: 0.9/s | ETA: 769m
  [7,200] ✓ cs.LG/1602.05257 (v1)

  📊 Progress: 7,200/46,505 (15.48%) | ✓ 901 | ✗ 6,299 | Rate: 0.9/s | ETA: 769m

  📊 Progress: 7,250/46,505 (15.59%) | ✓ 949 | ✗ 6,301 | Rate: 0.9/s | ETA: 767m

  📊 Progress: 7,250/46,505 (15.59%) | ✓ 949 | ✗ 6,301 | Rate: 0.9/s | ETA: 767m
  [7,300] ✓ cs.LG/1605.09186 (v1)
  [7,400] ✓ cs.LG/1608.05921 (v1)
  [7,500] ✓ cs.LG/1611.00962 (v1)
  [7,600] ✓ cs.LG/1701.08711 (v1)
  [7,700] ✓ cs.LG/1704.02532 (v1)
  [7,800] ✓ cs.LG/1706.02124 (v1)

  📊 Progress: 7,850/46,505 (16.88%) | ✓ 1,498 | ✗ 6,352 | Rate: 0.9/s | ETA: 740m

  📊 Progress: 7,850/46,505 (16.88%) | ✓ 1,498 | ✗ 6,352 | Rate: 0.9/s | ETA: 740m

  📊 Progress: 7,850/46,505 (16.88%) | ✓ 1,498 | ✗ 6,352 | Rate: 0.9/s | ETA: 740m

  📊 Progress: 7,850/46,505 (16.88%) | ✓ 1,498 | ✗ 6,352 | Rate: 0.9/s | ETA: 740m

  📊 Progress: 7,850/46,505 (16.88%) | ✓ 1,498 | ✗ 6,352 | Rate: 0.9/s | ETA: 740m
  [7,900] ✓ cs.LG/1707.09571 (v1)
  [8,000] ✓ cs.LG/1709.05362 (v1)

  📊 Progress: 8,100/46,505 (17.42%) | ✓ 1,725 | ✗ 6,375 | Rate: 0.9/s | ETA: 732m
  [8,100] ✓ cs.LG/1710.11306 (v1)

  📊 Progress: 8,150/46,505 (17.52%) | ✓ 1,769 | ✗ 6,381 | Rate: 0.9/s | ETA: 730m

  📊 Progress: 8,150/46,505 (17.52%) | ✓ 1,769 | ✗ 6,381 | Rate: 0.9/s | ETA: 730m

  📊 Progress: 8,150/46,505 (17.52%) | ✓ 1,769 | ✗ 6,381 | Rate: 0.9/s | ETA: 730m
  [8,200] ✓ cs.LG/1712.03333 (v1)
  [8,300] ✓ cs.LG/1801.10402 (v1)

  📊 Progress: 8,350/46,505 (17.96%) | ✓ 1,947 | ✗ 6,403 | Rate: 0.9/s | ETA: 722m
  [8,400] ✓ cs.LG/1803.00446 (v1)

  📊 Progress: 8,450/46,505 (18.17%) | ✓ 2,035 | ✗ 6,415 | Rate: 0.9/s | ETA: 718m

  📊 Progress: 8,450/46,505 (18.17%) | ✓ 2,035 | ✗ 6,415 | Rate: 0.9/s | ETA: 718m

  📊 Progress: 8,500/46,505 (18.28%) | ✓ 2,078 | ✗ 6,422 | Rate: 0.9/s | ETA: 717m
  [8,500] ✓ cs.LG/1804.00836 (v1)

  📊 Progress: 8,550/46,505 (18.39%) | ✓ 2,123 | ✗ 6,427 | Rate: 0.9/s | ETA: 715m

  📊 Progress: 8,550/46,505 (18.39%) | ✓ 2,123 | ✗ 6,427 | Rate: 0.9/s | ETA: 715m

  📊 Progress: 8,550/46,505 (18.39%) | ✓ 2,123 | ✗ 6,427 | Rate: 0.9/s | ETA: 715m

  📊 Progress: 8,550/46,505 (18.39%) | ✓ 2,123 | ✗ 6,427 | Rate: 0.9/s | ETA: 715m
  [8,600] ✓ cs.LG/1805.00200 (v1)

  📊 Progress: 8,650/46,505 (18.60%) | ✓ 2,213 | ✗ 6,437 | Rate: 0.9/s | ETA: 713m

  📊 Progress: 8,650/46,505 (18.60%) | ✓ 2,213 | ✗ 6,437 | Rate: 0.9/s | ETA: 713m

  📊 Progress: 8,650/46,505 (18.60%) | ✓ 2,213 | ✗ 6,437 | Rate: 0.9/s | ETA: 713m

  📊 Progress: 8,700/46,505 (18.71%) | ✓ 2,258 | ✗ 6,442 | Rate: 0.9/s | ETA: 711m
  [8,700] ✓ cs.LG/1806.00421 (v1)
2026-01-10 06:18:39,161 [INFO] Starting download session - Log file: logs/download_20260110_061832.log
Loading paper IDs from papers_with_dois.txt...
Found 105,421 papers across 10 categories
  cs.LG: 31,093 papers
  cs.CV: 21,302 papers
  cs.AI: 17,899 papers
  cs.CL: 8,052 papers
  cs.CR: 7,757 papers
  cs.SE: 5,815 papers
  cs.DC: 5,372 papers
  cs.IR: 4,588 papers
  cs.MA: 1,839 papers
  cs.MM: 1,704 papers
Loading existing downloads from tracking file: pdfs/_successful_downloads.jsonl...
  Loaded 10,000 records...  Loaded 20,000 records...  Loaded 30,000 records...  Loaded 40,000 records...  Loaded 50,000 records...  Loaded 60,000 records...
Loaded 61,212 existing downloads from tracking file
Filtering out already downloaded papers...
Remaining to download: 44,209
Disk space check:
  Available: 6150.94 GB
  Estimated needed: 107.93 GB
Loading resume state from download_state.json...
Resuming from index 8,526 (absolute position)
2026-01-10 06:18:58,168 [INFO] Starting parallel download of 35,683 files (40 concurrent workers)...
2026-01-10 06:18:58,168 [INFO] Output structure: {category}/{year_month}/{paper_id}.pdf
2026-01-10 06:18:58,168 [INFO] Successful downloads will be saved to: pdfs/_successful_downloads.jsonl
2026-01-10 06:18:58,168 [INFO] Failed downloads will be saved to: pdfs/_failed_downloads.jsonl
2026-01-10 06:18:58,168 [INFO] Disk space will be checked every 5,000 files
  [8,600] ✓ cs.LG/1906.04562 (v1)
  [8,700] ✓ cs.LG/1906.09243 (v1)

  📊 Progress: 200/35,683 (0.56%) | ✓ 182 | ✗ 18 | Rate: 0.7/s | ETA: 788m

  📊 Progress: 200/35,683 (0.56%) | ✓ 182 | ✗ 18 | Rate: 0.7/s | ETA: 788m
  [8,800] ✓ cs.LG/1907.01632 (v1)

  📊 Progress: 350/35,683 (0.98%) | ✓ 318 | ✗ 32 | Rate: 0.8/s | ETA: 711m

  📊 Progress: 350/35,683 (0.98%) | ✓ 318 | ✗ 32 | Rate: 0.8/s | ETA: 711m

  📊 Progress: 350/35,683 (0.98%) | ✓ 318 | ✗ 32 | Rate: 0.8/s | ETA: 711m
  [8,900] ✓ cs.LG/1907.06490 (v1)

  📊 Progress: 400/35,683 (1.12%) | ✓ 364 | ✗ 36 | Rate: 0.8/s | ETA: 715m

  📊 Progress: 400/35,683 (1.12%) | ✓ 364 | ✗ 36 | Rate: 0.8/s | ETA: 715m

  📊 Progress: 450/35,683 (1.26%) | ✓ 408 | ✗ 42 | Rate: 0.8/s | ETA: 693m

  📊 Progress: 450/35,683 (1.26%) | ✓ 408 | ✗ 42 | Rate: 0.8/s | ETA: 693m
  [9,000] ✓ cs.LG/1907.11496 (v1)

  📊 Progress: 550/35,683 (1.54%) | ✓ 499 | ✗ 51 | Rate: 0.9/s | ETA: 660m

  📊 Progress: 550/35,683 (1.54%) | ✓ 499 | ✗ 51 | Rate: 0.9/s | ETA: 660m

  📊 Progress: 550/35,683 (1.54%) | ✓ 499 | ✗ 51 | Rate: 0.9/s | ETA: 660m

  📊 Progress: 550/35,683 (1.54%) | ✓ 499 | ✗ 51 | Rate: 0.9/s | ETA: 660m
  [9,100] ✓ cs.LG/1908.02146 (v1)

  📊 Progress: 600/35,683 (1.68%) | ✓ 542 | ✗ 58 | Rate: 0.9/s | ETA: 641m

  📊 Progress: 600/35,683 (1.68%) | ✓ 542 | ✗ 58 | Rate: 0.9/s | ETA: 641m

  📊 Progress: 600/35,683 (1.68%) | ✓ 542 | ✗ 58 | Rate: 0.9/s | ETA: 641m

  📊 Progress: 600/35,683 (1.68%) | ✓ 542 | ✗ 58 | Rate: 0.9/s | ETA: 641m

  📊 Progress: 600/35,683 (1.68%) | ✓ 542 | ✗ 58 | Rate: 0.9/s | ETA: 641m

  📊 Progress: 650/35,683 (1.82%) | ✓ 585 | ✗ 65 | Rate: 0.9/s | ETA: 631m
  [9,200] ✓ cs.LG/1908.07319 (v1)

  📊 Progress: 750/35,683 (2.10%) | ✓ 673 | ✗ 77 | Rate: 0.9/s | ETA: 615m

  📊 Progress: 750/35,683 (2.10%) | ✓ 673 | ✗ 77 | Rate: 0.9/s | ETA: 615m
  [9,300] ✓ cs.LG/1909.00413 (v1)
  [9,400] ✓ cs.LG/1909.05044 (v1)
  [9,500] ✓ cs.LG/1909.10500 (v1)
  [9,600] ✓ cs.LG/1910.01624 (v1)
  [9,700] ✓ cs.LG/1910.06560 (v1)
  [9,800] ✓ cs.LG/1910.10308 (v1)
  [9,900] ✓ cs.LG/1911.00515 (v1)
  [10,000] ✓ cs.LG/1911.05013 (v1)
  [10,100] ✓ cs.LG/1911.09731 (v1)

  📊 Progress: 1,650/35,683 (4.62%) | ✓ 1,488 | ✗ 162 | Rate: 1.0/s | ETA: 591m

  📊 Progress: 1,650/35,683 (4.62%) | ✓ 1,488 | ✗ 162 | Rate: 1.0/s | ETA: 591m

  📊 Progress: 1,650/35,683 (4.62%) | ✓ 1,488 | ✗ 162 | Rate: 1.0/s | ETA: 591m

  📊 Progress: 1,650/35,683 (4.62%) | ✓ 1,488 | ✗ 162 | Rate: 1.0/s | ETA: 591m

  📊 Progress: 1,650/35,683 (4.62%) | ✓ 1,488 | ✗ 162 | Rate: 1.0/s | ETA: 591m
  [10,200] ✓ cs.LG/1912.01668 (v1)

  📊 Progress: 1,700/35,683 (4.76%) | ✓ 1,535 | ✗ 165 | Rate: 1.0/s | ETA: 586m

  📊 Progress: 1,700/35,683 (4.76%) | ✓ 1,535 | ✗ 165 | Rate: 1.0/s | ETA: 586m

  📊 Progress: 1,700/35,683 (4.76%) | ✓ 1,535 | ✗ 165 | Rate: 1.0/s | ETA: 587m

  📊 Progress: 1,700/35,683 (4.76%) | ✓ 1,535 | ✗ 165 | Rate: 1.0/s | ETA: 587m

  📊 Progress: 1,700/35,683 (4.76%) | ✓ 1,535 | ✗ 165 | Rate: 1.0/s | ETA: 587m
  [10,300] ✓ cs.LG/1912.06794 (v1)
  [10,400] ✓ cs.LG/1912.11801 (v1)

  📊 Progress: 1,900/35,683 (5.32%) | ✓ 1,712 | ✗ 188 | Rate: 1.0/s | ETA: 589m

  📊 Progress: 1,950/35,683 (5.46%) | ✓ 1,756 | ✗ 194 | Rate: 1.0/s | ETA: 589m
  [10,500] ✓ cs.LG/2001.02390 (v1)

  📊 Progress: 2,050/35,683 (5.75%) | ✓ 1,843 | ✗ 207 | Rate: 1.0/s | ETA: 589m

  📊 Progress: 2,100/35,683 (5.89%) | ✓ 1,886 | ✗ 214 | Rate: 0.9/s | ETA: 590m
  [10,700] ✓ cs.LG/2001.11569 (v1)

  📊 Progress: 2,250/35,683 (6.31%) | ✓ 2,018 | ✗ 232 | Rate: 1.0/s | ETA: 584m

  📊 Progress: 2,250/35,683 (6.31%) | ✓ 2,018 | ✗ 232 | Rate: 1.0/s | ETA: 584m

  📊 Progress: 2,250/35,683 (6.31%) | ✓ 2,018 | ✗ 232 | Rate: 1.0/s | ETA: 584m
  [10,800] ✓ cs.LG/2002.03049 (v1)

  📊 Progress: 2,300/35,683 (6.45%) | ✓ 2,064 | ✗ 236 | Rate: 0.9/s | ETA: 585m

  📊 Progress: 2,300/35,683 (6.45%) | ✓ 2,064 | ✗ 236 | Rate: 0.9/s | ETA: 585m

  📊 Progress: 2,350/35,683 (6.59%) | ✓ 2,108 | ✗ 242 | Rate: 1.0/s | ETA: 582m

  📊 Progress: 2,350/35,683 (6.59%) | ✓ 2,108 | ✗ 242 | Rate: 1.0/s | ETA: 582m
  [10,900] ✓ cs.LG/2002.07082 (v1)

  📊 Progress: 2,400/35,683 (6.73%) | ✓ 2,158 | ✗ 242 | Rate: 1.0/s | ETA: 582m

  📊 Progress: 2,400/35,683 (6.73%) | ✓ 2,158 | ✗ 242 | Rate: 1.0/s | ETA: 582m

  📊 Progress: 2,400/35,683 (6.73%) | ✓ 2,158 | ✗ 242 | Rate: 1.0/s | ETA: 582m

  📊 Progress: 2,400/35,683 (6.73%) | ✓ 2,158 | ✗ 242 | Rate: 1.0/s | ETA: 582m
  [11,000] ✓ cs.LG/2002.10878 (v1)
  [11,100] ✓ cs.LG/2003.01665 (v1)

  📊 Progress: 2,750/35,683 (7.71%) | ✓ 2,491 | ✗ 259 | Rate: 0.9/s | ETA: 580m

  📊 Progress: 2,750/35,683 (7.71%) | ✓ 2,491 | ✗ 259 | Rate: 0.9/s | ETA: 580m
  [11,300] ✓ cs.LG/2003.10760 (v1)

  📊 Progress: 2,850/35,683 (7.99%) | ✓ 2,580 | ✗ 270 | Rate: 0.9/s | ETA: 583m
  [11,400] ✓ cs.LG/2004.01190 (v1)
  [11,600] ✓ cs.LG/2004.09017 (v1)
  [11,700] ✓ cs.LG/2004.12846 (v1)

  📊 Progress: 3,200/35,683 (8.97%) | ✓ 2,900 | ✗ 300 | Rate: 0.9/s | ETA: 576m
  [11,800] ✓ cs.LG/2005.02071 (v1)
  [11,900] ✓ cs.LG/2005.05752 (v1)
  [12,000] ✗ cs.LG/2005.09609 v1 - File not found
  [12,000] ✗ cs.LG/2005.09609 v2 - File not found
  [12,000] ✗ cs.LG/2005.09609 v3 - File not found
  [12,000] ✗ cs.LG/2005.09609 v4 - File not found
  [12,000] ✗ All versions failed: cs.LG/2005.09609

  📊 Progress: 3,550/35,683 (9.95%) | ✓ 3,217 | ✗ 333 | Rate: 0.9/s | ETA: 575m

  📊 Progress: 3,550/35,683 (9.95%) | ✓ 3,217 | ✗ 333 | Rate: 0.9/s | ETA: 575m

  📊 Progress: 3,550/35,683 (9.95%) | ✓ 3,217 | ✗ 333 | Rate: 0.9/s | ETA: 575m

  📊 Progress: 3,550/35,683 (9.95%) | ✓ 3,217 | ✗ 333 | Rate: 0.9/s | ETA: 575m
  [12,100] ✓ cs.LG/2005.13407 (v1)
  [12,200] ✓ cs.LG/2006.01983 (v1)

  📊 Progress: 3,750/35,683 (10.51%) | ✓ 3,401 | ✗ 349 | Rate: 0.9/s | ETA: 573m

  📊 Progress: 3,750/35,683 (10.51%) | ✓ 3,401 | ✗ 349 | Rate: 0.9/s | ETA: 573m

  📊 Progress: 3,750/35,683 (10.51%) | ✓ 3,401 | ✗ 349 | Rate: 0.9/s | ETA: 573m

  📊 Progress: 3,750/35,683 (10.51%) | ✓ 3,401 | ✗ 349 | Rate: 0.9/s | ETA: 573m

  📊 Progress: 3,750/35,683 (10.51%) | ✓ 3,401 | ✗ 349 | Rate: 0.9/s | ETA: 573m

  📊 Progress: 3,750/35,683 (10.51%) | ✓ 3,401 | ✗ 349 | Rate: 0.9/s | ETA: 573m

  📊 Progress: 3,750/35,683 (10.51%) | ✓ 3,401 | ✗ 349 | Rate: 0.9/s | ETA: 573m
  [12,300] ✓ cs.LG/2006.05599 (v1)

  📊 Progress: 3,950/35,683 (11.07%) | ✓ 3,590 | ✗ 360 | Rate: 0.9/s | ETA: 570m
  [12,500] ✓ cs.LG/2006.13135 (v1)

  📊 Progress: 4,000/35,683 (11.21%) | ✓ 3,639 | ✗ 361 | Rate: 0.9/s | ETA: 569m

  📊 Progress: 4,000/35,683 (11.21%) | ✓ 3,639 | ✗ 361 | Rate: 0.9/s | ETA: 570m

  📊 Progress: 4,000/35,683 (11.21%) | ✓ 3,639 | ✗ 361 | Rate: 0.9/s | ETA: 570m

  📊 Progress: 4,000/35,683 (11.21%) | ✓ 3,639 | ✗ 361 | Rate: 0.9/s | ETA: 570m
  [12,600] ✓ cs.LG/2007.00691 (v1)
  [12,700] ✓ cs.LG/2007.04583 (v1)

  📊 Progress: 4,250/35,683 (11.91%) | ✓ 3,881 | ✗ 369 | Rate: 0.9/s | ETA: 563m
  [12,800] ✓ cs.LG/2007.08361 (v1)
  [12,900] ✓ cs.LG/2007.12941 (v1)
  [13,000] ✓ cs.LG/2008.00461 (v1)

  📊 Progress: 4,500/35,683 (12.61%) | ✓ 4,125 | ✗ 375 | Rate: 0.9/s | ETA: 564m

  📊 Progress: 4,550/35,683 (12.75%) | ✓ 4,175 | ✗ 375 | Rate: 0.9/s | ETA: 562m
  [13,100] ✓ cs.LG/2008.04733 (v1)

  📊 Progress: 4,650/35,683 (13.03%) | ✓ 4,275 | ✗ 375 | Rate: 0.9/s | ETA: 560m
  [13,200] ✓ cs.LG/2008.08692 (v1)

  📊 Progress: 4,700/35,683 (13.17%) | ✓ 4,325 | ✗ 375 | Rate: 0.9/s | ETA: 560m

  📊 Progress: 4,700/35,683 (13.17%) | ✓ 4,325 | ✗ 375 | Rate: 0.9/s | ETA: 560m

  📊 Progress: 4,700/35,683 (13.17%) | ✓ 4,325 | ✗ 375 | Rate: 0.9/s | ETA: 560m

  📊 Progress: 4,700/35,683 (13.17%) | ✓ 4,325 | ✗ 375 | Rate: 0.9/s | ETA: 560m
  [13,300] ✓ cs.LG/2008.12578 (v1)

  📊 Progress: 4,850/35,683 (13.59%) | ✓ 4,475 | ✗ 375 | Rate: 0.9/s | ETA: 556m

  📊 Progress: 4,850/35,683 (13.59%) | ✓ 4,475 | ✗ 375 | Rate: 0.9/s | ETA: 556m

  📊 Progress: 4,850/35,683 (13.59%) | ✓ 4,475 | ✗ 375 | Rate: 0.9/s | ETA: 556m

  📊 Progress: 4,850/35,683 (13.59%) | ✓ 4,475 | ✗ 375 | Rate: 0.9/s | ETA: 556m

  📊 Progress: 4,850/35,683 (13.59%) | ✓ 4,475 | ✗ 375 | Rate: 0.9/s | ETA: 556m

  📊 Progress: 4,850/35,683 (13.59%) | ✓ 4,475 | ✗ 375 | Rate: 0.9/s | ETA: 556m
  [13,400] ✓ cs.LG/2009.02845 (v1)
  [13,500] ✓ cs.LG/2009.07349 (v1)
  [13,600] ✓ cs.LG/2009.11977 (v1)
  [13,700] ✓ cs.LG/2010.01183 (v1)
  [13,800] ✓ cs.LG/2010.04705 (v1)

  📊 Progress: 5,350/35,683 (14.99%) | ✓ 4,975 | ✗ 375 | Rate: 0.9/s | ETA: 547m

  📊 Progress: 5,350/35,683 (14.99%) | ✓ 4,975 | ✗ 375 | Rate: 0.9/s | ETA: 547m
  [13,900] ✓ cs.LG/2010.08820 (v1)

  📊 Progress: 5,400/35,683 (15.13%) | ✓ 5,025 | ✗ 375 | Rate: 0.9/s | ETA: 547m

  📊 Progress: 5,400/35,683 (15.13%) | ✓ 5,025 | ✗ 375 | Rate: 0.9/s | ETA: 547m

  📊 Progress: 5,400/35,683 (15.13%) | ✓ 5,025 | ✗ 375 | Rate: 0.9/s | ETA: 547m

  📊 Progress: 5,400/35,683 (15.13%) | ✓ 5,025 | ✗ 375 | Rate: 0.9/s | ETA: 547m

  📊 Progress: 5,400/35,683 (15.13%) | ✓ 5,025 | ✗ 375 | Rate: 0.9/s | ETA: 547m

  📊 Progress: 5,400/35,683 (15.13%) | ✓ 5,025 | ✗ 375 | Rate: 0.9/s | ETA: 547m

  📊 Progress: 5,400/35,683 (15.13%) | ✓ 5,025 | ✗ 375 | Rate: 0.9/s | ETA: 547m

  📊 Progress: 5,400/35,683 (15.13%) | ✓ 5,025 | ✗ 375 | Rate: 0.9/s | ETA: 547m

  📊 Progress: 5,450/35,683 (15.27%) | ✓ 5,075 | ✗ 375 | Rate: 0.9/s | ETA: 545m

  📊 Progress: 5,450/35,683 (15.27%) | ✓ 5,075 | ✗ 375 | Rate: 0.9/s | ETA: 545m

  📊 Progress: 5,450/35,683 (15.27%) | ✓ 5,075 | ✗ 375 | Rate: 0.9/s | ETA: 545m

  📊 Progress: 5,450/35,683 (15.27%) | ✓ 5,075 | ✗ 375 | Rate: 0.9/s | ETA: 545m

  📊 Progress: 5,450/35,683 (15.27%) | ✓ 5,075 | ✗ 375 | Rate: 0.9/s | ETA: 546m

  📊 Progress: 5,450/35,683 (15.27%) | ✓ 5,075 | ✗ 375 | Rate: 0.9/s | ETA: 546m

  📊 Progress: 5,450/35,683 (15.27%) | ✓ 5,075 | ✗ 375 | Rate: 0.9/s | ETA: 546m

  📊 Progress: 5,450/35,683 (15.27%) | ✓ 5,075 | ✗ 375 | Rate: 0.9/s | ETA: 546m

  📊 Progress: 5,450/35,683 (15.27%) | ✓ 5,075 | ✗ 375 | Rate: 0.9/s | ETA: 546m

  📊 Progress: 5,450/35,683 (15.27%) | ✓ 5,075 | ✗ 375 | Rate: 0.9/s | ETA: 546m
  [14,000] ✓ cs.LG/2010.12763 (v1)
  [14,100] ✓ cs.LG/2011.00228 (v1)

  📊 Progress: 5,650/35,683 (15.83%) | ✓ 5,275 | ✗ 375 | Rate: 0.9/s | ETA: 539m

  📊 Progress: 5,650/35,683 (15.83%) | ✓ 5,275 | ✗ 375 | Rate: 0.9/s | ETA: 539m

  📊 Progress: 5,650/35,683 (15.83%) | ✓ 5,275 | ✗ 375 | Rate: 0.9/s | ETA: 539m

  📊 Progress: 5,650/35,683 (15.83%) | ✓ 5,275 | ✗ 375 | Rate: 0.9/s | ETA: 539m

  📊 Progress: 5,650/35,683 (15.83%) | ✓ 5,275 | ✗ 375 | Rate: 0.9/s | ETA: 539m
  [14,200] ✓ cs.LG/2011.04517 (v1)

  📊 Progress: 5,700/35,683 (15.97%) | ✓ 5,325 | ✗ 375 | Rate: 0.9/s | ETA: 537m

  📊 Progress: 5,700/35,683 (15.97%) | ✓ 5,325 | ✗ 375 | Rate: 0.9/s | ETA: 537m

  📊 Progress: 5,700/35,683 (15.97%) | ✓ 5,325 | ✗ 375 | Rate: 0.9/s | ETA: 537m

  📊 Progress: 5,700/35,683 (15.97%) | ✓ 5,325 | ✗ 375 | Rate: 0.9/s | ETA: 537m

  📊 Progress: 5,700/35,683 (15.97%) | ✓ 5,325 | ✗ 375 | Rate: 0.9/s | ETA: 537m
  [14,300] ✓ cs.LG/2011.09052 (v1)
  [14,400] ✓ cs.LG/2011.14307 (v1)

  📊 Progress: 5,950/35,683 (16.67%) | ✓ 5,573 | ✗ 377 | Rate: 0.9/s | ETA: 535m
  [14,500] ✓ cs.LG/2012.03301 (v1)
  [14,600] ✓ cs.LG/2012.06391 (v1)

  📊 Progress: 6,150/35,683 (17.24%) | ✓ 5,773 | ✗ 377 | Rate: 0.9/s | ETA: 533m

  📊 Progress: 6,150/35,683 (17.24%) | ✓ 5,773 | ✗ 377 | Rate: 0.9/s | ETA: 533m

  📊 Progress: 6,150/35,683 (17.24%) | ✓ 5,773 | ✗ 377 | Rate: 0.9/s | ETA: 533m

  📊 Progress: 6,150/35,683 (17.24%) | ✓ 5,773 | ✗ 377 | Rate: 0.9/s | ETA: 533m

  📊 Progress: 6,150/35,683 (17.24%) | ✓ 5,773 | ✗ 377 | Rate: 0.9/s | ETA: 533m
  [14,700] ✓ cs.LG/2012.11299 (v1)
  [14,800] ✓ cs.LG/2101.00947 (v1)

  📊 Progress: 6,300/35,683 (17.66%) | ✓ 5,923 | ✗ 377 | Rate: 0.9/s | ETA: 532m
  [14,900] ✓ cs.LG/2101.05231 (v1)
  [15,000] ✓ cs.LG/2101.09294 (v1)
  [15,100] ✓ cs.LG/2102.00515 (v1)
  [15,200] ✓ cs.LG/2102.03777 (v1)

  📊 Progress: 6,700/35,683 (18.78%) | ✓ 6,323 | ✗ 377 | Rate: 0.9/s | ETA: 522m

  📊 Progress: 6,700/35,683 (18.78%) | ✓ 6,323 | ✗ 377 | Rate: 0.9/s | ETA: 522m

  📊 Progress: 6,700/35,683 (18.78%) | ✓ 6,323 | ✗ 377 | Rate: 0.9/s | ETA: 522m

  📊 Progress: 6,750/35,683 (18.92%) | ✓ 6,373 | ✗ 377 | Rate: 0.9/s | ETA: 522m

  📊 Progress: 6,750/35,683 (18.92%) | ✓ 6,373 | ✗ 377 | Rate: 0.9/s | ETA: 522m

  📊 Progress: 6,750/35,683 (18.92%) | ✓ 6,373 | ✗ 377 | Rate: 0.9/s | ETA: 522m

  📊 Progress: 6,750/35,683 (18.92%) | ✓ 6,373 | ✗ 377 | Rate: 0.9/s | ETA: 522m
  [15,300] ✓ cs.LG/2102.07359 (v1)
  [15,400] ✓ cs.LG/2102.12127 (v1)
  [15,500] ✓ cs.LG/2103.01830 (v1)
  [15,600] ✓ cs.LG/2103.06115 (v1)

  📊 Progress: 7,100/35,683 (19.90%) | ✓ 6,723 | ✗ 377 | Rate: 0.9/s | ETA: 517m

  📊 Progress: 7,100/35,683 (19.90%) | ✓ 6,723 | ✗ 377 | Rate: 0.9/s | ETA: 517m
  [15,700] ✓ cs.LG/2103.10097 (v1)

  📊 Progress: 7,200/35,683 (20.18%) | ✓ 6,823 | ✗ 377 | Rate: 0.9/s | ETA: 515m

  📊 Progress: 7,200/35,683 (20.18%) | ✓ 6,823 | ✗ 377 | Rate: 0.9/s | ETA: 515m

  📊 Progress: 7,200/35,683 (20.18%) | ✓ 6,823 | ✗ 377 | Rate: 0.9/s | ETA: 515m

  📊 Progress: 7,200/35,683 (20.18%) | ✓ 6,823 | ✗ 377 | Rate: 0.9/s | ETA: 515m
  [15,800] ✓ cs.LG/2103.14250 (v1)
  [15,900] ✓ cs.LG/2104.00765 (v1)

  📊 Progress: 7,400/35,683 (20.74%) | ✓ 7,023 | ✗ 377 | Rate: 0.9/s | ETA: 511m

  📊 Progress: 7,400/35,683 (20.74%) | ✓ 7,023 | ✗ 377 | Rate: 0.9/s | ETA: 511m

  📊 Progress: 7,400/35,683 (20.74%) | ✓ 7,023 | ✗ 377 | Rate: 0.9/s | ETA: 511m

  📊 Progress: 7,400/35,683 (20.74%) | ✓ 7,023 | ✗ 377 | Rate: 0.9/s | ETA: 511m

  📊 Progress: 7,400/35,683 (20.74%) | ✓ 7,023 | ✗ 377 | Rate: 0.9/s | ETA: 511m

  📊 Progress: 7,400/35,683 (20.74%) | ✓ 7,023 | ✗ 377 | Rate: 0.9/s | ETA: 511m
  [16,000] ✓ cs.LG/2104.04676 (v1)

  📊 Progress: 7,500/35,683 (21.02%) | ✓ 7,123 | ✗ 377 | Rate: 0.9/s | ETA: 509m

  📊 Progress: 7,500/35,683 (21.02%) | ✓ 7,123 | ✗ 377 | Rate: 0.9/s | ETA: 509m

  📊 Progress: 7,500/35,683 (21.02%) | ✓ 7,123 | ✗ 377 | Rate: 0.9/s | ETA: 509m

  📊 Progress: 7,550/35,683 (21.16%) | ✓ 7,173 | ✗ 377 | Rate: 0.9/s | ETA: 508m

  📊 Progress: 7,550/35,683 (21.16%) | ✓ 7,173 | ✗ 377 | Rate: 0.9/s | ETA: 508m

  📊 Progress: 7,550/35,683 (21.16%) | ✓ 7,173 | ✗ 377 | Rate: 0.9/s | ETA: 508m

  📊 Progress: 7,550/35,683 (21.16%) | ✓ 7,173 | ✗ 377 | Rate: 0.9/s | ETA: 508m
  [16,100] ✓ cs.LG/2104.09315 (v1)

  📊 Progress: 7,650/35,683 (21.44%) | ✓ 7,273 | ✗ 377 | Rate: 0.9/s | ETA: 507m

  📊 Progress: 7,650/35,683 (21.44%) | ✓ 7,273 | ✗ 377 | Rate: 0.9/s | ETA: 507m

  📊 Progress: 7,650/35,683 (21.44%) | ✓ 7,273 | ✗ 377 | Rate: 0.9/s | ETA: 507m

  📊 Progress: 7,650/35,683 (21.44%) | ✓ 7,273 | ✗ 377 | Rate: 0.9/s | ETA: 507m
  [16,200] ✓ cs.LG/2104.13039 (v1)
  [16,300] ✓ cs.LG/2105.00771 (v1)

  📊 Progress: 7,800/35,683 (21.86%) | ✓ 7,423 | ✗ 377 | Rate: 0.9/s | ETA: 504m

  📊 Progress: 7,800/35,683 (21.86%) | ✓ 7,423 | ✗ 377 | Rate: 0.9/s | ETA: 504m
  [16,400] ✓ cs.LG/2105.04916 (v1)

  📊 Progress: 7,900/35,683 (22.14%) | ✓ 7,523 | ✗ 377 | Rate: 0.9/s | ETA: 497m
  [16,500] ✓ cs.LG/2105.08846 (v1)

  📊 Progress: 8,000/35,683 (22.42%) | ✓ 7,623 | ✗ 377 | Rate: 0.9/s | ETA: 490m

  📊 Progress: 8,050/35,683 (22.56%) | ✓ 7,673 | ✗ 377 | Rate: 0.9/s | ETA: 486m
  [16,600] ✓ cs.LG/2105.12626 (v1)

  📊 Progress: 8,150/35,683 (22.84%) | ✓ 7,773 | ✗ 377 | Rate: 1.0/s | ETA: 479m
  [16,700] ✓ cs.LG/2106.00557 (v1)

  📊 Progress: 8,200/35,683 (22.98%) | ✓ 7,823 | ✗ 377 | Rate: 1.0/s | ETA: 475m

  📊 Progress: 8,200/35,683 (22.98%) | ✓ 7,823 | ✗ 377 | Rate: 1.0/s | ETA: 475m
  [16,800] ✓ cs.LG/2106.04377 (v1)

  📊 Progress: 8,350/35,683 (23.40%) | ✓ 7,973 | ✗ 377 | Rate: 1.0/s | ETA: 465m
  [16,900] ✓ cs.LG/2106.07385 (v1)

  📊 Progress: 8,400/35,683 (23.54%) | ✓ 8,023 | ✗ 377 | Rate: 1.0/s | ETA: 462m

  📊 Progress: 8,450/35,683 (23.68%) | ✓ 8,073 | ✗ 377 | Rate: 1.0/s | ETA: 458m

  📊 Progress: 8,450/35,683 (23.68%) | ✓ 8,073 | ✗ 377 | Rate: 1.0/s | ETA: 458m

  📊 Progress: 8,500/35,683 (23.82%) | ✓ 8,123 | ✗ 377 | Rate: 1.0/s | ETA: 455m
  [17,000] ✓ cs.LG/2106.11272 (v1)

  📊 Progress: 8,550/35,683 (23.96%) | ✓ 8,173 | ✗ 377 | Rate: 1.0/s | ETA: 452m
  [17,100] ✓ cs.LG/2106.15606 (v1)

  📊 Progress: 8,650/35,683 (24.24%) | ✓ 8,273 | ✗ 377 | Rate: 1.0/s | ETA: 445m
  [17,200] ✓ cs.LG/2107.04689 (v1)

  📊 Progress: 8,700/35,683 (24.38%) | ✓ 8,323 | ✗ 377 | Rate: 1.0/s | ETA: 442m

  📊 Progress: 8,750/35,683 (24.52%) | ✓ 8,373 | ✗ 377 | Rate: 1.0/s | ETA: 439m

  📊 Progress: 8,800/35,683 (24.66%) | ✓ 8,422 | ✗ 378 | Rate: 1.0/s | ETA: 436m

  📊 Progress: 8,800/35,683 (24.66%) | ✓ 8,422 | ✗ 378 | Rate: 1.0/s | ETA: 436m
  [17,300] ✓ cs.LG/2107.09070 (v1)

  📊 Progress: 8,850/35,683 (24.80%) | ✓ 8,472 | ✗ 378 | Rate: 1.0/s | ETA: 433m
  [17,400] ✓ cs.LG/2107.12838 (v1)

  📊 Progress: 8,900/35,683 (24.94%) | ✓ 8,522 | ✗ 378 | Rate: 1.0/s | ETA: 430m

  📊 Progress: 8,950/35,683 (25.08%) | ✓ 8,572 | ✗ 378 | Rate: 1.0/s | ETA: 427m
  [17,500] ✓ cs.LG/2108.02550 (v1)

  📊 Progress: 9,050/35,683 (25.36%) | ✓ 8,672 | ✗ 378 | Rate: 1.1/s | ETA: 421m
  [17,600] ✓ cs.LG/2108.06633 (v1)

  📊 Progress: 9,100/35,683 (25.50%) | ✓ 8,722 | ✗ 378 | Rate: 1.1/s | ETA: 419m

  📊 Progress: 9,150/35,683 (25.64%) | ✓ 8,772 | ✗ 378 | Rate: 1.1/s | ETA: 416m

  📊 Progress: 9,150/35,683 (25.64%) | ✓ 8,772 | ✗ 378 | Rate: 1.1/s | ETA: 416m
  [17,700] ✓ cs.LG/2108.10224 (v1)
  [17,800] ✓ cs.LG/2109.00046 (v1)

  📊 Progress: 9,300/35,683 (26.06%) | ✓ 8,922 | ✗ 378 | Rate: 1.1/s | ETA: 407m
  [17,900] ✓ cs.LG/2109.03874 (v1)

  📊 Progress: 9,400/35,683 (26.34%) | ✓ 9,022 | ✗ 378 | Rate: 1.1/s | ETA: 402m

  📊 Progress: 9,450/35,683 (26.48%) | ✓ 9,072 | ✗ 378 | Rate: 1.1/s | ETA: 399m
  [18,000] ✓ cs.LG/2109.08052 (v1)

  📊 Progress: 9,500/35,683 (26.62%) | ✓ 9,122 | ✗ 378 | Rate: 1.1/s | ETA: 397m

  📊 Progress: 9,550/35,683 (26.76%) | ✓ 9,172 | ✗ 378 | Rate: 1.1/s | ETA: 394m

  📊 Progress: 9,550/35,683 (26.76%) | ✓ 9,172 | ✗ 378 | Rate: 1.1/s | ETA: 394m

  📊 Progress: 9,550/35,683 (26.76%) | ✓ 9,172 | ✗ 378 | Rate: 1.1/s | ETA: 394m
  [18,100] ✓ cs.LG/2109.11406 (v1)

  📊 Progress: 9,600/35,683 (26.90%) | ✓ 9,222 | ✗ 378 | Rate: 1.1/s | ETA: 392m

  📊 Progress: 9,650/35,683 (27.04%) | ✓ 9,272 | ✗ 378 | Rate: 1.1/s | ETA: 389m

  📊 Progress: 9,650/35,683 (27.04%) | ✓ 9,272 | ✗ 378 | Rate: 1.1/s | ETA: 389m
  [18,200] ✓ cs.LG/2110.00181 (v1)

  📊 Progress: 9,700/35,683 (27.18%) | ✓ 9,322 | ✗ 378 | Rate: 1.1/s | ETA: 386m

  📊 Progress: 9,750/35,683 (27.32%) | ✓ 9,372 | ✗ 378 | Rate: 1.1/s | ETA: 384m

  📊 Progress: 9,750/35,683 (27.32%) | ✓ 9,372 | ✗ 378 | Rate: 1.1/s | ETA: 384m
  [18,300] ✓ cs.LG/2110.03604 (v1)

  📊 Progress: 9,800/35,683 (27.46%) | ✓ 9,422 | ✗ 378 | Rate: 1.1/s | ETA: 381m

  📊 Progress: 9,850/35,683 (27.60%) | ✓ 9,472 | ✗ 378 | Rate: 1.1/s | ETA: 379m
  [18,400] ✓ cs.LG/2110.07353 (v1)

  📊 Progress: 9,900/35,683 (27.74%) | ✓ 9,522 | ✗ 378 | Rate: 1.1/s | ETA: 377m

  📊 Progress: 9,950/35,683 (27.88%) | ✓ 9,572 | ✗ 378 | Rate: 1.1/s | ETA: 374m
  [18,500] ✓ cs.LG/2110.12183 (v1)

  📊 Progress: 10,000/35,683 (28.02%) | ✓ 9,622 | ✗ 378 | Rate: 1.1/s | ETA: 372m

  📊 Progress: 10,100/35,683 (28.30%) | ✓ 9,722 | ✗ 378 | Rate: 1.2/s | ETA: 367m
  [18,600] ✓ cs.LG/2111.00036 (v1)

  📊 Progress: 10,150/35,683 (28.44%) | ✓ 9,772 | ✗ 378 | Rate: 1.2/s | ETA: 365m
  [18,700] ✓ cs.LG/2111.03861 (v1)

  📊 Progress: 10,200/35,683 (28.59%) | ✓ 9,822 | ✗ 378 | Rate: 1.2/s | ETA: 362m

  📊 Progress: 10,200/35,683 (28.59%) | ✓ 9,822 | ✗ 378 | Rate: 1.2/s | ETA: 362m

  📊 Progress: 10,250/35,683 (28.73%) | ✓ 9,872 | ✗ 378 | Rate: 1.2/s | ETA: 360m

  📊 Progress: 10,250/35,683 (28.73%) | ✓ 9,872 | ✗ 378 | Rate: 1.2/s | ETA: 360m
  [18,800] ✓ cs.LG/2111.08441 (v1)

  📊 Progress: 10,300/35,683 (28.87%) | ✓ 9,922 | ✗ 378 | Rate: 1.2/s | ETA: 358m

  📊 Progress: 10,350/35,683 (29.01%) | ✓ 9,972 | ✗ 378 | Rate: 1.2/s | ETA: 356m
  [18,900] ✓ cs.LG/2111.12531 (v1)

  📊 Progress: 10,400/35,683 (29.15%) | ✓ 10,022 | ✗ 378 | Rate: 1.2/s | ETA: 353m

  📊 Progress: 10,450/35,683 (29.29%) | ✓ 10,072 | ✗ 378 | Rate: 1.2/s | ETA: 351m
  [19,000] ✓ cs.LG/2112.01591 (v1)

  📊 Progress: 10,500/35,683 (29.43%) | ✓ 10,122 | ✗ 378 | Rate: 1.2/s | ETA: 349m

  📊 Progress: 10,550/35,683 (29.57%) | ✓ 10,172 | ✗ 378 | Rate: 1.2/s | ETA: 347m
  [19,100] ✓ cs.LG/2112.06920 (v1)

  📊 Progress: 10,600/35,683 (29.71%) | ✓ 10,222 | ✗ 378 | Rate: 1.2/s | ETA: 345m

  📊 Progress: 10,600/35,683 (29.71%) | ✓ 10,222 | ✗ 378 | Rate: 1.2/s | ETA: 345m

  📊 Progress: 10,650/35,683 (29.85%) | ✓ 10,272 | ✗ 378 | Rate: 1.2/s | ETA: 343m
  [19,200] ✓ cs.LG/2112.11323 (v1)

  📊 Progress: 10,700/35,683 (29.99%) | ✓ 10,322 | ✗ 378 | Rate: 1.2/s | ETA: 341m
  [19,300] ✓ cs.LG/2201.00766 (v1)

  📊 Progress: 10,800/35,683 (30.27%) | ✓ 10,422 | ✗ 378 | Rate: 1.2/s | ETA: 337m

  📊 Progress: 10,850/35,683 (30.41%) | ✓ 10,472 | ✗ 378 | Rate: 1.2/s | ETA: 335m
  [19,400] ✓ cs.LG/2201.04699 (v1)

  📊 Progress: 10,900/35,683 (30.55%) | ✓ 10,522 | ✗ 378 | Rate: 1.2/s | ETA: 333m

  📊 Progress: 10,900/35,683 (30.55%) | ✓ 10,522 | ✗ 378 | Rate: 1.2/s | ETA: 333m

  📊 Progress: 10,950/35,683 (30.69%) | ✓ 10,572 | ✗ 378 | Rate: 1.2/s | ETA: 331m
  [19,500] ✓ cs.LG/2201.08477 (v1)

  📊 Progress: 11,000/35,683 (30.83%) | ✓ 10,622 | ✗ 378 | Rate: 1.2/s | ETA: 329m

  📊 Progress: 11,000/35,683 (30.83%) | ✓ 10,622 | ✗ 378 | Rate: 1.2/s | ETA: 329m

  📊 Progress: 11,050/35,683 (30.97%) | ✓ 10,672 | ✗ 378 | Rate: 1.3/s | ETA: 327m
  [19,600] ✓ cs.LG/2201.12235 (v1)

  📊 Progress: 11,100/35,683 (31.11%) | ✓ 10,722 | ✗ 378 | Rate: 1.3/s | ETA: 325m

  📊 Progress: 11,150/35,683 (31.25%) | ✓ 10,772 | ✗ 378 | Rate: 1.3/s | ETA: 323m
  [19,700] ✓ cs.LG/2202.02432 (v1)

  📊 Progress: 11,200/35,683 (31.39%) | ✓ 10,822 | ✗ 378 | Rate: 1.3/s | ETA: 321m

  📊 Progress: 11,250/35,683 (31.53%) | ✓ 10,871 | ✗ 379 | Rate: 1.3/s | ETA: 319m
  [19,800] ✓ cs.LG/2202.05257 (v1)

  📊 Progress: 11,300/35,683 (31.67%) | ✓ 10,921 | ✗ 379 | Rate: 1.3/s | ETA: 317m

  📊 Progress: 11,350/35,683 (31.81%) | ✓ 10,971 | ✗ 379 | Rate: 1.3/s | ETA: 315m

  📊 Progress: 11,400/35,683 (31.95%) | ✓ 11,021 | ✗ 379 | Rate: 1.3/s | ETA: 314m
  [19,900] ✓ cs.LG/2202.08959 (v1)

  📊 Progress: 11,450/35,683 (32.09%) | ✓ 11,071 | ✗ 379 | Rate: 1.3/s | ETA: 312m
  [20,000] ✓ cs.LG/2202.12205 (v1)

  📊 Progress: 11,500/35,683 (32.23%) | ✓ 11,121 | ✗ 379 | Rate: 1.3/s | ETA: 310m

  📊 Progress: 11,550/35,683 (32.37%) | ✓ 11,171 | ✗ 379 | Rate: 1.3/s | ETA: 308m
  [20,100] ✓ cs.LG/2203.01004 (v1)

  📊 Progress: 11,600/35,683 (32.51%) | ✓ 11,221 | ✗ 379 | Rate: 1.3/s | ETA: 306m

  📊 Progress: 11,650/35,683 (32.65%) | ✓ 11,271 | ✗ 379 | Rate: 1.3/s | ETA: 305m

  📊 Progress: 11,650/35,683 (32.65%) | ✓ 11,271 | ✗ 379 | Rate: 1.3/s | ETA: 305m
  [20,200] ✓ cs.LG/2203.04384 (v1)

  📊 Progress: 11,700/35,683 (32.79%) | ✓ 11,321 | ✗ 379 | Rate: 1.3/s | ETA: 303m

  📊 Progress: 11,750/35,683 (32.93%) | ✓ 11,371 | ✗ 379 | Rate: 1.3/s | ETA: 301m
  [20,300] ✓ cs.LG/2203.08060 (v1)

  📊 Progress: 11,800/35,683 (33.07%) | ✓ 11,421 | ✗ 379 | Rate: 1.3/s | ETA: 299m

  📊 Progress: 11,800/35,683 (33.07%) | ✓ 11,421 | ✗ 379 | Rate: 1.3/s | ETA: 299m

  📊 Progress: 11,800/35,683 (33.07%) | ✓ 11,421 | ✗ 379 | Rate: 1.3/s | ETA: 299m

  📊 Progress: 11,850/35,683 (33.21%) | ✓ 11,471 | ✗ 379 | Rate: 1.3/s | ETA: 298m
  [20,400] ✓ cs.LG/2203.12071 (v1)

  📊 Progress: 11,900/35,683 (33.35%) | ✓ 11,521 | ✗ 379 | Rate: 1.3/s | ETA: 296m

  📊 Progress: 11,900/35,683 (33.35%) | ✓ 11,521 | ✗ 379 | Rate: 1.3/s | ETA: 296m

  📊 Progress: 11,950/35,683 (33.49%) | ✓ 11,571 | ✗ 379 | Rate: 1.3/s | ETA: 294m
  [20,500] ✓ cs.LG/2203.16275 (v1)

  📊 Progress: 12,000/35,683 (33.63%) | ✓ 11,621 | ✗ 379 | Rate: 1.3/s | ETA: 293m

  📊 Progress: 12,050/35,683 (33.77%) | ✓ 11,671 | ✗ 379 | Rate: 1.4/s | ETA: 291m
  [20,600] ✓ cs.LG/2204.03100 (v1)

  📊 Progress: 12,100/35,683 (33.91%) | ✓ 11,721 | ✗ 379 | Rate: 1.4/s | ETA: 289m
  [20,700] ✓ cs.LG/2204.07390 (v1)

  📊 Progress: 12,200/35,683 (34.19%) | ✓ 11,821 | ✗ 379 | Rate: 1.4/s | ETA: 286m

  📊 Progress: 12,250/35,683 (34.33%) | ✓ 11,871 | ✗ 379 | Rate: 1.4/s | ETA: 285m
  [20,800] ✓ cs.LG/2204.11500 (v1)

  📊 Progress: 12,300/35,683 (34.47%) | ✓ 11,921 | ✗ 379 | Rate: 1.4/s | ETA: 283m

  📊 Progress: 12,350/35,683 (34.61%) | ✓ 11,971 | ✗ 379 | Rate: 1.4/s | ETA: 281m
  [20,900] ✓ cs.LG/2205.00523 (v1)

  📊 Progress: 12,400/35,683 (34.75%) | ✓ 12,021 | ✗ 379 | Rate: 1.4/s | ETA: 280m

  📊 Progress: 12,450/35,683 (34.89%) | ✓ 12,071 | ✗ 379 | Rate: 1.4/s | ETA: 278m
  [21,000] ✓ cs.LG/2205.03753 (v1)

  📊 Progress: 12,500/35,683 (35.03%) | ✓ 12,121 | ✗ 379 | Rate: 1.4/s | ETA: 277m
  [21,100] ✓ cs.LG/2205.07277 (v1)

  📊 Progress: 12,600/35,683 (35.31%) | ✓ 12,221 | ✗ 379 | Rate: 1.4/s | ETA: 274m

  📊 Progress: 12,650/35,683 (35.45%) | ✓ 12,271 | ✗ 379 | Rate: 1.4/s | ETA: 272m
  [21,200] ✓ cs.LG/2205.10457 (v1)

  📊 Progress: 12,700/35,683 (35.59%) | ✓ 12,321 | ✗ 379 | Rate: 1.4/s | ETA: 271m

  📊 Progress: 12,750/35,683 (35.73%) | ✓ 12,371 | ✗ 379 | Rate: 1.4/s | ETA: 269m

  📊 Progress: 12,750/35,683 (35.73%) | ✓ 12,371 | ✗ 379 | Rate: 1.4/s | ETA: 269m
  [21,300] ✓ cs.LG/2205.15003 (v1)

  📊 Progress: 12,800/35,683 (35.87%) | ✓ 12,421 | ✗ 379 | Rate: 1.4/s | ETA: 268m

  📊 Progress: 12,850/35,683 (36.01%) | ✓ 12,471 | ✗ 379 | Rate: 1.4/s | ETA: 266m
  [21,400] ✓ cs.LG/2206.02886 (v1)

  📊 Progress: 12,900/35,683 (36.15%) | ✓ 12,521 | ✗ 379 | Rate: 1.4/s | ETA: 265m

  📊 Progress: 12,950/35,683 (36.29%) | ✓ 12,571 | ✗ 379 | Rate: 1.4/s | ETA: 263m
  [21,500] ✓ cs.LG/2206.06757 (v1)

  📊 Progress: 13,000/35,683 (36.43%) | ✓ 12,621 | ✗ 379 | Rate: 1.4/s | ETA: 262m

  📊 Progress: 13,050/35,683 (36.57%) | ✓ 12,671 | ✗ 379 | Rate: 1.4/s | ETA: 261m

  📊 Progress: 13,050/35,683 (36.57%) | ✓ 12,671 | ✗ 379 | Rate: 1.4/s | ETA: 261m
  [21,600] ✓ cs.LG/2206.10747 (v1)

  📊 Progress: 13,100/35,683 (36.71%) | ✓ 12,721 | ✗ 379 | Rate: 1.4/s | ETA: 259m

  📊 Progress: 13,150/35,683 (36.85%) | ✓ 12,771 | ✗ 379 | Rate: 1.5/s | ETA: 258m
  [21,700] ✓ cs.LG/2206.13982 (v1)

  📊 Progress: 13,200/35,683 (36.99%) | ✓ 12,821 | ✗ 379 | Rate: 1.5/s | ETA: 256m

  📊 Progress: 13,250/35,683 (37.13%) | ✓ 12,871 | ✗ 379 | Rate: 1.5/s | ETA: 255m
  [21,800] ✓ cs.LG/2207.03099 (v1)

  📊 Progress: 13,300/35,683 (37.27%) | ✓ 12,921 | ✗ 379 | Rate: 1.5/s | ETA: 254m

  📊 Progress: 13,350/35,683 (37.41%) | ✓ 12,971 | ✗ 379 | Rate: 1.5/s | ETA: 252m
  [21,900] ✓ cs.LG/2207.06949 (v1)

  📊 Progress: 13,400/35,683 (37.55%) | ✓ 13,021 | ✗ 379 | Rate: 1.5/s | ETA: 251m

  📊 Progress: 13,450/35,683 (37.69%) | ✓ 13,071 | ✗ 379 | Rate: 1.5/s | ETA: 249m
  [22,000] ✓ cs.LG/2207.10805 (v1)

  📊 Progress: 13,500/35,683 (37.83%) | ✓ 13,121 | ✗ 379 | Rate: 1.5/s | ETA: 248m

  📊 Progress: 13,550/35,683 (37.97%) | ✓ 13,171 | ✗ 379 | Rate: 1.5/s | ETA: 247m
  [22,100] ✓ cs.LG/2208.00818 (v1)

  📊 Progress: 13,600/35,683 (38.11%) | ✓ 13,221 | ✗ 379 | Rate: 1.5/s | ETA: 246m

  📊 Progress: 13,650/35,683 (38.25%) | ✓ 13,271 | ✗ 379 | Rate: 1.5/s | ETA: 244m
  [22,200] ✓ cs.LG/2208.04952 (v1)

  📊 Progress: 13,700/35,683 (38.39%) | ✓ 13,321 | ✗ 379 | Rate: 1.5/s | ETA: 243m

  📊 Progress: 13,700/35,683 (38.39%) | ✓ 13,321 | ✗ 379 | Rate: 1.5/s | ETA: 243m
  [22,300] ✓ cs.LG/2208.09287 (v1)

  📊 Progress: 13,800/35,683 (38.67%) | ✓ 13,421 | ✗ 379 | Rate: 1.5/s | ETA: 240m

  📊 Progress: 13,850/35,683 (38.81%) | ✓ 13,471 | ✗ 379 | Rate: 1.5/s | ETA: 239m
  [22,400] ✓ cs.LG/2208.13032 (v1)

  📊 Progress: 13,900/35,683 (38.95%) | ✓ 13,521 | ✗ 379 | Rate: 1.5/s | ETA: 238m

  📊 Progress: 13,950/35,683 (39.09%) | ✓ 13,571 | ✗ 379 | Rate: 1.5/s | ETA: 237m

  📊 Progress: 14,000/35,683 (39.23%) | ✓ 13,621 | ✗ 379 | Rate: 1.5/s | ETA: 235m
  [22,500] ✓ cs.LG/2209.02075 (v1)

  📊 Progress: 14,050/35,683 (39.37%) | ✓ 13,671 | ✗ 379 | Rate: 1.5/s | ETA: 234m
  [22,600] ✓ cs.LG/2209.06644 (v1)

  📊 Progress: 14,100/35,683 (39.51%) | ✓ 13,721 | ✗ 379 | Rate: 1.5/s | ETA: 233m

  📊 Progress: 14,150/35,683 (39.65%) | ✓ 13,771 | ✗ 379 | Rate: 1.5/s | ETA: 232m
  [22,700] ✓ cs.LG/2209.10712 (v1)

  📊 Progress: 14,200/35,683 (39.79%) | ✓ 13,821 | ✗ 379 | Rate: 1.6/s | ETA: 230m

  📊 Progress: 14,250/35,683 (39.93%) | ✓ 13,871 | ✗ 379 | Rate: 1.6/s | ETA: 229m
  [22,800] ✓ cs.LG/2209.14553 (v1)

  📊 Progress: 14,300/35,683 (40.08%) | ✓ 13,921 | ✗ 379 | Rate: 1.6/s | ETA: 228m

  📊 Progress: 14,300/35,683 (40.08%) | ✓ 13,921 | ✗ 379 | Rate: 1.6/s | ETA: 228m

  📊 Progress: 14,300/35,683 (40.08%) | ✓ 13,921 | ✗ 379 | Rate: 1.6/s | ETA: 228m
  [22,900] ✓ cs.LG/2210.03151 (v1)

  📊 Progress: 14,400/35,683 (40.36%) | ✓ 14,021 | ✗ 379 | Rate: 1.6/s | ETA: 226m

  📊 Progress: 14,400/35,683 (40.36%) | ✓ 14,021 | ✗ 379 | Rate: 1.6/s | ETA: 226m

  📊 Progress: 14,450/35,683 (40.50%) | ✓ 14,071 | ✗ 379 | Rate: 1.6/s | ETA: 225m
  [23,000] ✓ cs.LG/2210.08252 (v1)

  📊 Progress: 14,500/35,683 (40.64%) | ✓ 14,121 | ✗ 379 | Rate: 1.6/s | ETA: 223m

  📊 Progress: 14,500/35,683 (40.64%) | ✓ 14,121 | ✗ 379 | Rate: 1.6/s | ETA: 223m
  [23,100] ✓ cs.LG/2210.13416 (v1)
  [23,200] ✓ cs.LG/2211.00372 (v1)
  [23,300] ✓ cs.LG/2211.04561 (v1)
  [23,400] ✓ cs.LG/2211.09711 (v1)

  📊 Progress: 14,900/35,683 (41.76%) | ✓ 14,521 | ✗ 379 | Rate: 1.6/s | ETA: 214m

  📊 Progress: 14,950/35,683 (41.90%) | ✓ 14,571 | ✗ 379 | Rate: 1.6/s | ETA: 213m

  📊 Progress: 14,950/35,683 (41.90%) | ✓ 14,571 | ✗ 379 | Rate: 1.6/s | ETA: 213m

  📊 Progress: 14,950/35,683 (41.90%) | ✓ 14,571 | ✗ 379 | Rate: 1.6/s | ETA: 213m

  📊 Progress: 14,950/35,683 (41.90%) | ✓ 14,571 | ✗ 379 | Rate: 1.6/s | ETA: 213m
  [23,500] ✓ cs.LG/2211.14779 (v1)

  📊 Progress: 15,000/35,683 (42.04%) | ✓ 14,621 | ✗ 379 | Rate: 1.6/s | ETA: 212m

  📊 Progress: 15,050/35,683 (42.18%) | ✓ 14,671 | ✗ 379 | Rate: 1.6/s | ETA: 211m

  📊 Progress: 15,050/35,683 (42.18%) | ✓ 14,671 | ✗ 379 | Rate: 1.6/s | ETA: 211m

  📊 Progress: 15,050/35,683 (42.18%) | ✓ 14,671 | ✗ 379 | Rate: 1.6/s | ETA: 211m

  📊 Progress: 15,100/35,683 (42.32%) | ✓ 14,721 | ✗ 379 | Rate: 1.6/s | ETA: 210m
  [23,600] ✓ cs.LG/2212.01495 (v1)
  [23,700] ✓ cs.LG/2212.07050 (v1)

  📊 Progress: 15,200/35,683 (42.60%) | ✓ 14,821 | ✗ 379 | Rate: 1.6/s | ETA: 208m

  📊 Progress: 15,250/35,683 (42.74%) | ✓ 14,871 | ✗ 379 | Rate: 1.6/s | ETA: 207m

  📊 Progress: 15,250/35,683 (42.74%) | ✓ 14,871 | ✗ 379 | Rate: 1.6/s | ETA: 207m
  [23,800] ✓ cs.LG/2212.11737 (v1)

  📊 Progress: 15,300/35,683 (42.88%) | ✓ 14,921 | ✗ 379 | Rate: 1.6/s | ETA: 206m

  📊 Progress: 15,300/35,683 (42.88%) | ✓ 14,921 | ✗ 379 | Rate: 1.6/s | ETA: 206m
  [23,900] ✓ cs.LG/2301.01054 (v1)

  📊 Progress: 15,450/35,683 (43.30%) | ✓ 15,071 | ✗ 379 | Rate: 1.7/s | ETA: 203m
  [24,000] ✓ cs.LG/2301.05749 (v1)
  [24,100] ✓ cs.LG/2301.10902 (v1)

  📊 Progress: 15,600/35,683 (43.72%) | ✓ 15,221 | ✗ 379 | Rate: 1.7/s | ETA: 199m

  📊 Progress: 15,650/35,683 (43.86%) | ✓ 15,271 | ✗ 379 | Rate: 1.7/s | ETA: 198m
  [24,200] ✓ cs.LG/2302.01759 (v1)

  📊 Progress: 15,700/35,683 (44.00%) | ✓ 15,321 | ✗ 379 | Rate: 1.7/s | ETA: 197m
  [24,300] ✓ cs.LG/2302.06229 (v1)
  [24,400] ✓ cs.LG/2302.10631 (v1)

  📊 Progress: 15,900/35,683 (44.56%) | ✓ 15,521 | ✗ 379 | Rate: 1.7/s | ETA: 193m

  📊 Progress: 15,900/35,683 (44.56%) | ✓ 15,521 | ✗ 379 | Rate: 1.7/s | ETA: 193m

  📊 Progress: 15,900/35,683 (44.56%) | ✓ 15,521 | ✗ 379 | Rate: 1.7/s | ETA: 193m

  📊 Progress: 15,950/35,683 (44.70%) | ✓ 15,571 | ✗ 379 | Rate: 1.7/s | ETA: 192m
  [24,500] ✓ cs.LG/2302.13638 (v1)

  📊 Progress: 16,050/35,683 (44.98%) | ✓ 15,671 | ✗ 379 | Rate: 1.7/s | ETA: 190m

  📊 Progress: 16,050/35,683 (44.98%) | ✓ 15,671 | ✗ 379 | Rate: 1.7/s | ETA: 190m
  [24,600] ✓ cs.LG/2303.03227 (v1)
  [24,700] ✓ cs.LG/2303.07651 (v1)

  📊 Progress: 16,200/35,683 (45.40%) | ✓ 15,821 | ✗ 379 | Rate: 1.7/s | ETA: 188m

  📊 Progress: 16,250/35,683 (45.54%) | ✓ 15,871 | ✗ 379 | Rate: 1.7/s | ETA: 187m

  📊 Progress: 16,250/35,683 (45.54%) | ✓ 15,871 | ✗ 379 | Rate: 1.7/s | ETA: 187m

  📊 Progress: 16,250/35,683 (45.54%) | ✓ 15,871 | ✗ 379 | Rate: 1.7/s | ETA: 187m
  [24,800] ✓ cs.LG/2303.12096 (v1)

  📊 Progress: 16,300/35,683 (45.68%) | ✓ 15,921 | ✗ 379 | Rate: 1.7/s | ETA: 186m

  📊 Progress: 16,350/35,683 (45.82%) | ✓ 15,971 | ✗ 379 | Rate: 1.7/s | ETA: 185m
  [24,900] ✓ cs.LG/2303.17496 (v1)
  [25,000] ✓ cs.LG/2304.03496 (v1)

  📊 Progress: 16,500/35,683 (46.24%) | ✓ 16,121 | ✗ 379 | Rate: 1.8/s | ETA: 182m

  📊 Progress: 16,500/35,683 (46.24%) | ✓ 16,121 | ✗ 379 | Rate: 1.8/s | ETA: 182m

  📊 Progress: 16,500/35,683 (46.24%) | ✓ 16,121 | ✗ 379 | Rate: 1.8/s | ETA: 182m
  [25,100] ✓ cs.LG/2304.07877 (v1)
  [25,200] ✓ cs.LG/2304.12036 (v1)

  📊 Progress: 16,750/35,683 (46.94%) | ✓ 16,371 | ✗ 379 | Rate: 1.8/s | ETA: 177m

  📊 Progress: 16,750/35,683 (46.94%) | ✓ 16,371 | ✗ 379 | Rate: 1.8/s | ETA: 177m

  📊 Progress: 16,750/35,683 (46.94%) | ✓ 16,371 | ✗ 379 | Rate: 1.8/s | ETA: 177m

  📊 Progress: 16,750/35,683 (46.94%) | ✓ 16,371 | ✗ 379 | Rate: 1.8/s | ETA: 177m
  [25,300] ✓ cs.LG/2305.01580 (v1)

  📊 Progress: 16,850/35,683 (47.22%) | ✓ 16,471 | ✗ 379 | Rate: 1.8/s | ETA: 175m
  [25,400] ✓ cs.LG/2305.06395 (v1)
  [25,500] ✓ cs.LG/2305.11244 (v1)

  📊 Progress: 17,000/35,683 (47.64%) | ✓ 16,621 | ✗ 379 | Rate: 1.8/s | ETA: 173m

  📊 Progress: 17,050/35,683 (47.78%) | ✓ 16,671 | ✗ 379 | Rate: 1.8/s | ETA: 172m
  [25,600] ✓ cs.LG/2305.15777 (v1)

  📊 Progress: 17,100/35,683 (47.92%) | ✓ 16,721 | ✗ 379 | Rate: 1.8/s | ETA: 171m

  📊 Progress: 17,100/35,683 (47.92%) | ✓ 16,721 | ✗ 379 | Rate: 1.8/s | ETA: 171m

  📊 Progress: 17,100/35,683 (47.92%) | ✓ 16,721 | ✗ 379 | Rate: 1.8/s | ETA: 171m

  📊 Progress: 17,100/35,683 (47.92%) | ✓ 16,721 | ✗ 379 | Rate: 1.8/s | ETA: 171m

  📊 Progress: 17,150/35,683 (48.06%) | ✓ 16,771 | ✗ 379 | Rate: 1.8/s | ETA: 170m
  [25,700] ✓ cs.LG/2305.19379 (v1)

  📊 Progress: 17,200/35,683 (48.20%) | ✓ 16,821 | ✗ 379 | Rate: 1.8/s | ETA: 169m

  📊 Progress: 17,250/35,683 (48.34%) | ✓ 16,871 | ✗ 379 | Rate: 1.8/s | ETA: 168m

  📊 Progress: 17,250/35,683 (48.34%) | ✓ 16,871 | ✗ 379 | Rate: 1.8/s | ETA: 168m
  [25,800] ✓ cs.LG/2306.04299 (v1)

  📊 Progress: 17,300/35,683 (48.48%) | ✓ 16,921 | ✗ 379 | Rate: 1.8/s | ETA: 168m
  [25,900] ✓ cs.LG/2306.07744 (v1)

  📊 Progress: 17,400/35,683 (48.76%) | ✓ 17,021 | ✗ 379 | Rate: 1.8/s | ETA: 166m
  [26,000] ✓ cs.LG/2306.11946 (v1)
  [26,100] ✓ cs.LG/2306.17100 (v1)

  📊 Progress: 17,600/35,683 (49.32%) | ✓ 17,221 | ✗ 379 | Rate: 1.8/s | ETA: 163m
  [26,200] ✓ cs.LG/2307.05152 (v1)

  📊 Progress: 17,700/35,683 (49.60%) | ✓ 17,321 | ✗ 379 | Rate: 1.9/s | ETA: 161m

  📊 Progress: 17,750/35,683 (49.74%) | ✓ 17,371 | ✗ 379 | Rate: 1.9/s | ETA: 160m
  [26,300] ✓ cs.LG/2307.10186 (v1)

  📊 Progress: 17,850/35,683 (50.02%) | ✓ 17,471 | ✗ 379 | Rate: 1.9/s | ETA: 159m
  [26,400] ✓ cs.LG/2307.16208 (v1)

  📊 Progress: 17,900/35,683 (50.16%) | ✓ 17,521 | ✗ 379 | Rate: 1.9/s | ETA: 158m

  📊 Progress: 17,950/35,683 (50.30%) | ✓ 17,571 | ✗ 379 | Rate: 1.9/s | ETA: 157m
  [26,500] ✓ cs.LG/2308.04457 (v1)

  📊 Progress: 18,000/35,683 (50.44%) | ✓ 17,621 | ✗ 379 | Rate: 1.9/s | ETA: 156m

  📊 Progress: 18,050/35,683 (50.58%) | ✓ 17,671 | ✗ 379 | Rate: 1.9/s | ETA: 155m
  [26,600] ✓ cs.LG/2308.08799 (v1)

  📊 Progress: 18,150/35,683 (50.86%) | ✓ 17,771 | ✗ 379 | Rate: 1.9/s | ETA: 154m
  [26,700] ✓ cs.LG/2308.13544 (v1)

  📊 Progress: 18,200/35,683 (51.00%) | ✓ 17,821 | ✗ 379 | Rate: 1.9/s | ETA: 153m

  📊 Progress: 18,200/35,683 (51.00%) | ✓ 17,821 | ✗ 379 | Rate: 1.9/s | ETA: 153m
  [26,800] ✓ cs.LG/2309.01730 (v1)

  📊 Progress: 18,300/35,683 (51.28%) | ✓ 17,921 | ✗ 379 | Rate: 1.9/s | ETA: 152m

  📊 Progress: 18,300/35,683 (51.28%) | ✓ 17,921 | ✗ 379 | Rate: 1.9/s | ETA: 152m

  📊 Progress: 18,300/35,683 (51.28%) | ✓ 17,921 | ✗ 379 | Rate: 1.9/s | ETA: 152m

  📊 Progress: 18,350/35,683 (51.43%) | ✓ 17,971 | ✗ 379 | Rate: 1.9/s | ETA: 151m
  [26,900] ✓ cs.LG/2309.06782 (v1)

  📊 Progress: 18,400/35,683 (51.57%) | ✓ 18,021 | ✗ 379 | Rate: 1.9/s | ETA: 150m

  📊 Progress: 18,400/35,683 (51.57%) | ✓ 18,021 | ✗ 379 | Rate: 1.9/s | ETA: 150m

  📊 Progress: 18,450/35,683 (51.71%) | ✓ 18,071 | ✗ 379 | Rate: 1.9/s | ETA: 149m
  [27,000] ✓ cs.LG/2309.12237 (v1)

  📊 Progress: 18,550/35,683 (51.99%) | ✓ 18,171 | ✗ 379 | Rate: 1.9/s | ETA: 148m
  [27,100] ✓ cs.LG/2309.17082 (v1)
  [27,200] ✓ cs.LG/2310.04752 (v1)

  📊 Progress: 18,700/35,683 (52.41%) | ✓ 18,321 | ✗ 379 | Rate: 1.9/s | ETA: 146m

  📊 Progress: 18,700/35,683 (52.41%) | ✓ 18,321 | ✗ 379 | Rate: 1.9/s | ETA: 146m

  📊 Progress: 18,750/35,683 (52.55%) | ✓ 18,371 | ✗ 379 | Rate: 1.9/s | ETA: 145m

  📊 Progress: 18,750/35,683 (52.55%) | ✓ 18,371 | ✗ 379 | Rate: 1.9/s | ETA: 145m

  📊 Progress: 18,750/35,683 (52.55%) | ✓ 18,371 | ✗ 379 | Rate: 1.9/s | ETA: 145m
  [27,300] ✓ cs.LG/2310.10874 (v1)

  📊 Progress: 18,900/35,683 (52.97%) | ✓ 18,521 | ✗ 379 | Rate: 2.0/s | ETA: 143m
  [27,400] ✓ cs.LG/2310.15827 (v1)

  📊 Progress: 18,950/35,683 (53.11%) | ✓ 18,571 | ✗ 379 | Rate: 2.0/s | ETA: 142m

  📊 Progress: 18,950/35,683 (53.11%) | ✓ 18,571 | ✗ 379 | Rate: 2.0/s | ETA: 142m

  📊 Progress: 18,950/35,683 (53.11%) | ✓ 18,571 | ✗ 379 | Rate: 2.0/s | ETA: 142m
  [27,500] ✓ cs.LG/2310.20469 (v1)

  📊 Progress: 19,050/35,683 (53.39%) | ✓ 18,671 | ✗ 379 | Rate: 2.0/s | ETA: 141m
  [27,600] ✓ cs.LG/2311.04636 (v1)
  [27,700] ✓ cs.LG/2311.11055 (v1)
  [27,800] ✓ cs.LG/2311.17026 (v1)

  📊 Progress: 19,300/35,683 (54.09%) | ✓ 18,921 | ✗ 379 | Rate: 2.0/s | ETA: 137m
  [27,900] ✓ cs.LG/2312.04171 (v1)

  📊 Progress: 19,400/35,683 (54.37%) | ✓ 19,021 | ✗ 379 | Rate: 2.0/s | ETA: 136m

  📊 Progress: 19,450/35,683 (54.51%) | ✓ 19,071 | ✗ 379 | Rate: 2.0/s | ETA: 135m
  [28,000] ✓ cs.LG/2312.09610 (v1)

  📊 Progress: 19,550/35,683 (54.79%) | ✓ 19,171 | ✗ 379 | Rate: 2.0/s | ETA: 134m
  [28,100] ✓ cs.LG/2312.14499 (v1)

  📊 Progress: 19,600/35,683 (54.93%) | ✓ 19,221 | ✗ 379 | Rate: 2.0/s | ETA: 133m

  📊 Progress: 19,650/35,683 (55.07%) | ✓ 19,271 | ✗ 379 | Rate: 2.0/s | ETA: 132m
  [28,200] ✓ cs.LG/2401.02290 (v1)
  [28,300] ✓ cs.LG/2401.07445 (v1)

  📊 Progress: 19,850/35,683 (55.63%) | ✓ 19,471 | ✗ 379 | Rate: 2.0/s | ETA: 129m

  📊 Progress: 19,850/35,683 (55.63%) | ✓ 19,471 | ✗ 379 | Rate: 2.0/s | ETA: 129m
  [28,400] ✓ cs.LG/2401.12824 (v1)

  📊 Progress: 19,900/35,683 (55.77%) | ✓ 19,521 | ✗ 379 | Rate: 2.0/s | ETA: 129m

  📊 Progress: 19,950/35,683 (55.91%) | ✓ 19,571 | ✗ 379 | Rate: 2.0/s | ETA: 128m

  📊 Progress: 19,950/35,683 (55.91%) | ✓ 19,571 | ✗ 379 | Rate: 2.0/s | ETA: 128m

  📊 Progress: 19,950/35,683 (55.91%) | ✓ 19,571 | ✗ 379 | Rate: 2.0/s | ETA: 128m

  📊 Progress: 19,950/35,683 (55.91%) | ✓ 19,571 | ✗ 379 | Rate: 2.0/s | ETA: 128m
  [28,500] ✓ cs.LG/2401.17695 (v1)

  📊 Progress: 20,050/35,683 (56.19%) | ✓ 19,671 | ✗ 379 | Rate: 2.0/s | ETA: 127m
  [28,600] ✓ cs.LG/2402.02928 (v1)
  [28,700] ✓ cs.LG/2402.07492 (v1)

  📊 Progress: 20,250/35,683 (56.75%) | ✓ 19,871 | ✗ 379 | Rate: 2.1/s | ETA: 124m
  [28,800] ✓ cs.LG/2402.11404 (v1)

  📊 Progress: 20,300/35,683 (56.89%) | ✓ 19,921 | ✗ 379 | Rate: 2.1/s | ETA: 124m

  📊 Progress: 20,300/35,683 (56.89%) | ✓ 19,921 | ✗ 379 | Rate: 2.1/s | ETA: 124m

  📊 Progress: 20,350/35,683 (57.03%) | ✓ 19,971 | ✗ 379 | Rate: 2.1/s | ETA: 123m

  📊 Progress: 20,350/35,683 (57.03%) | ✓ 19,971 | ✗ 379 | Rate: 2.1/s | ETA: 123m
  [28,900] ✓ cs.LG/2402.17660 (v1)

  📊 Progress: 20,400/35,683 (57.17%) | ✓ 20,021 | ✗ 379 | Rate: 2.1/s | ETA: 122m

  📊 Progress: 20,450/35,683 (57.31%) | ✓ 20,071 | ✗ 379 | Rate: 2.1/s | ETA: 122m
  [29,000] ✓ cs.LG/2403.03448 (v1)

  📊 Progress: 20,500/35,683 (57.45%) | ✓ 20,121 | ✗ 379 | Rate: 2.1/s | ETA: 121m

  📊 Progress: 20,500/35,683 (57.45%) | ✓ 20,121 | ✗ 379 | Rate: 2.1/s | ETA: 121m

  📊 Progress: 20,550/35,683 (57.59%) | ✓ 20,171 | ✗ 379 | Rate: 2.1/s | ETA: 120m
  [29,100] ✓ cs.LG/2403.09454 (v1)

  📊 Progress: 20,650/35,683 (57.87%) | ✓ 20,271 | ✗ 379 | Rate: 2.1/s | ETA: 119m
  [29,200] ✓ cs.LG/2403.13849 (v1)

  📊 Progress: 20,750/35,683 (58.15%) | ✓ 20,371 | ✗ 379 | Rate: 2.1/s | ETA: 118m
  [29,300] ✓ cs.LG/2403.18631 (v1)

  📊 Progress: 20,800/35,683 (58.29%) | ✓ 20,421 | ✗ 379 | Rate: 2.1/s | ETA: 117m

  📊 Progress: 20,800/35,683 (58.29%) | ✓ 20,421 | ✗ 379 | Rate: 2.1/s | ETA: 117m

  📊 Progress: 20,800/35,683 (58.29%) | ✓ 20,421 | ✗ 379 | Rate: 2.1/s | ETA: 117m

  📊 Progress: 20,850/35,683 (58.43%) | ✓ 20,471 | ✗ 379 | Rate: 2.1/s | ETA: 117m
  [29,400] ✓ cs.LG/2404.03701 (v1)

  📊 Progress: 20,900/35,683 (58.57%) | ✓ 20,521 | ✗ 379 | Rate: 2.1/s | ETA: 116m

  📊 Progress: 20,900/35,683 (58.57%) | ✓ 20,521 | ✗ 379 | Rate: 2.1/s | ETA: 116m

  📊 Progress: 20,900/35,683 (58.57%) | ✓ 20,521 | ✗ 379 | Rate: 2.1/s | ETA: 116m
  [29,500] ✓ cs.LG/2404.09016 (v1)

  📊 Progress: 21,000/35,683 (58.85%) | ✓ 20,620 | ✗ 380 | Rate: 2.1/s | ETA: 115m

  📊 Progress: 21,000/35,683 (58.85%) | ✓ 20,620 | ✗ 380 | Rate: 2.1/s | ETA: 115m
  [29,600] ✓ cs.LG/2404.13630 (v1)

  📊 Progress: 21,100/35,683 (59.13%) | ✓ 20,720 | ✗ 380 | Rate: 2.1/s | ETA: 114m

  📊 Progress: 21,150/35,683 (59.27%) | ✓ 20,770 | ✗ 380 | Rate: 2.1/s | ETA: 113m
  [29,700] ✓ cs.LG/2404.17723 (v2)

  📊 Progress: 21,200/35,683 (59.41%) | ✓ 20,820 | ✗ 380 | Rate: 2.1/s | ETA: 113m

  📊 Progress: 21,200/35,683 (59.41%) | ✓ 20,820 | ✗ 380 | Rate: 2.1/s | ETA: 113m
  [29,800] ✓ cs.LG/2405.03667 (v1)

  📊 Progress: 21,350/35,683 (59.83%) | ✓ 20,970 | ✗ 380 | Rate: 2.1/s | ETA: 111m
  [29,900] ✓ cs.LG/2405.09821 (v1)

  📊 Progress: 21,450/35,683 (60.11%) | ✓ 21,070 | ✗ 380 | Rate: 2.2/s | ETA: 110m
  [30,000] ✓ cs.LG/2405.15642 (v1)

  📊 Progress: 21,500/35,683 (60.25%) | ✓ 21,120 | ✗ 380 | Rate: 2.2/s | ETA: 109m

  📊 Progress: 21,550/35,683 (60.39%) | ✓ 21,170 | ✗ 380 | Rate: 2.2/s | ETA: 108m
  [30,100] ✓ cs.LG/2406.01278 (v1)
  [30,200] ✓ cs.LG/2406.07542 (v1)

  📊 Progress: 21,700/35,683 (60.81%) | ✓ 21,320 | ✗ 380 | Rate: 2.2/s | ETA: 107m

  📊 Progress: 21,750/35,683 (60.95%) | ✓ 21,370 | ✗ 380 | Rate: 2.2/s | ETA: 106m
  [30,300] ✓ cs.LG/2406.13663 (v1)

  📊 Progress: 21,850/35,683 (61.23%) | ✓ 21,470 | ✗ 380 | Rate: 2.2/s | ETA: 105m
  [30,400] ✓ cs.LG/2407.01005 (v1)

  📊 Progress: 21,900/35,683 (61.37%) | ✓ 21,520 | ✗ 380 | Rate: 2.2/s | ETA: 105m

  📊 Progress: 21,950/35,683 (61.51%) | ✓ 21,570 | ✗ 380 | Rate: 2.2/s | ETA: 104m

  📊 Progress: 21,950/35,683 (61.51%) | ✓ 21,570 | ✗ 380 | Rate: 2.2/s | ETA: 104m

  📊 Progress: 21,950/35,683 (61.51%) | ✓ 21,570 | ✗ 380 | Rate: 2.2/s | ETA: 104m

  📊 Progress: 21,950/35,683 (61.51%) | ✓ 21,570 | ✗ 380 | Rate: 2.2/s | ETA: 104m

  📊 Progress: 21,950/35,683 (61.51%) | ✓ 21,570 | ✗ 380 | Rate: 2.2/s | ETA: 104m
  [30,500] ✓ cs.LG/2407.08316 (v1)
  [30,600] ✓ cs.LG/2407.14960 (v1)
  [30,700] ✓ cs.LG/2407.20246 (v1)

  📊 Progress: 22,200/35,683 (62.21%) | ✓ 21,820 | ✗ 380 | Rate: 2.2/s | ETA: 101m

  📊 Progress: 22,250/35,683 (62.35%) | ✓ 21,870 | ✗ 380 | Rate: 2.2/s | ETA: 101m
  [30,800] ✓ cs.LG/2408.03884 (v1)
  [30,900] ✓ cs.LG/2408.10284 (v1)

  📊 Progress: 22,400/35,683 (62.77%) | ✓ 22,020 | ✗ 380 | Rate: 2.2/s | ETA: 99m

  📊 Progress: 22,450/35,683 (62.92%) | ✓ 22,070 | ✗ 380 | Rate: 2.2/s | ETA: 99m
  [31,000] ✓ cs.LG/2408.16612 (v1)

  📊 Progress: 22,500/35,683 (63.06%) | ✓ 22,120 | ✗ 380 | Rate: 2.2/s | ETA: 98m
  [31,100] ✓ cs.LG/2409.04300 (v1)

  📊 Progress: 22,600/35,683 (63.34%) | ✓ 22,220 | ✗ 380 | Rate: 2.2/s | ETA: 97m
  [31,200] ✓ cs.LG/2409.10676 (v1)

  📊 Progress: 22,700/35,683 (63.62%) | ✓ 22,319 | ✗ 381 | Rate: 2.2/s | ETA: 96m
  [31,300] ✓ cs.LG/2409.17158 (v1)

  📊 Progress: 22,800/35,683 (63.90%) | ✓ 22,419 | ✗ 381 | Rate: 2.2/s | ETA: 95m

  📊 Progress: 22,850/35,683 (64.04%) | ✓ 22,469 | ✗ 381 | Rate: 2.3/s | ETA: 94m
  [31,400] ✓ cs.LG/2410.02826 (v1)

  📊 Progress: 22,900/35,683 (64.18%) | ✓ 22,519 | ✗ 381 | Rate: 2.3/s | ETA: 94m

  📊 Progress: 22,900/35,683 (64.18%) | ✓ 22,519 | ✗ 381 | Rate: 2.3/s | ETA: 94m

  📊 Progress: 22,900/35,683 (64.18%) | ✓ 22,519 | ✗ 381 | Rate: 2.3/s | ETA: 94m

  📊 Progress: 22,950/35,683 (64.32%) | ✓ 22,569 | ✗ 381 | Rate: 2.3/s | ETA: 93m

  📊 Progress: 22,950/35,683 (64.32%) | ✓ 22,569 | ✗ 381 | Rate: 2.3/s | ETA: 93m

  📊 Progress: 22,950/35,683 (64.32%) | ✓ 22,569 | ✗ 381 | Rate: 2.3/s | ETA: 93m

  📊 Progress: 22,950/35,683 (64.32%) | ✓ 22,569 | ✗ 381 | Rate: 2.3/s | ETA: 93m

  📊 Progress: 22,950/35,683 (64.32%) | ✓ 22,569 | ✗ 381 | Rate: 2.3/s | ETA: 93m

  📊 Progress: 22,950/35,683 (64.32%) | ✓ 22,569 | ✗ 381 | Rate: 2.3/s | ETA: 93m
  [31,500] ✓ cs.LG/2410.11298 (v1)

  📊 Progress: 23,000/35,683 (64.46%) | ✓ 22,619 | ✗ 381 | Rate: 2.3/s | ETA: 93m
  [31,600] ✓ cs.LG/2410.16868 (v1)

  📊 Progress: 23,100/35,683 (64.74%) | ✓ 22,719 | ✗ 381 | Rate: 2.3/s | ETA: 92m

  📊 Progress: 23,100/35,683 (64.74%) | ✓ 22,719 | ✗ 381 | Rate: 2.3/s | ETA: 92m

  📊 Progress: 23,100/35,683 (64.74%) | ✓ 22,719 | ✗ 381 | Rate: 2.3/s | ETA: 92m

  📊 Progress: 23,100/35,683 (64.74%) | ✓ 22,719 | ✗ 381 | Rate: 2.3/s | ETA: 92m

  📊 Progress: 23,100/35,683 (64.74%) | ✓ 22,719 | ✗ 381 | Rate: 2.3/s | ETA: 92m

  📊 Progress: 23,150/35,683 (64.88%) | ✓ 22,769 | ✗ 381 | Rate: 2.3/s | ETA: 91m

  📊 Progress: 23,150/35,683 (64.88%) | ✓ 22,769 | ✗ 381 | Rate: 2.3/s | ETA: 91m

  📊 Progress: 23,150/35,683 (64.88%) | ✓ 22,769 | ✗ 381 | Rate: 2.3/s | ETA: 91m
  [31,700] ✓ cs.LG/2410.21512 (v1)

  📊 Progress: 23,250/35,683 (65.16%) | ✓ 22,869 | ✗ 381 | Rate: 2.3/s | ETA: 90m

  📊 Progress: 23,250/35,683 (65.16%) | ✓ 22,869 | ✗ 381 | Rate: 2.3/s | ETA: 90m
  [31,800] ✓ cs.LG/2411.04381 (v1)
  [31,900] ✓ cs.LG/2411.13537 (v1)

  📊 Progress: 23,450/35,683 (65.72%) | ✓ 23,069 | ✗ 381 | Rate: 2.3/s | ETA: 88m
  [32,000] ✓ cs.LG/2412.00943 (v1)

  📊 Progress: 23,500/35,683 (65.86%) | ✓ 23,119 | ✗ 381 | Rate: 2.3/s | ETA: 88m

  📊 Progress: 23,550/35,683 (66.00%) | ✓ 23,169 | ✗ 381 | Rate: 2.3/s | ETA: 87m
  [32,100] ✓ cs.LG/2412.07217 (v1)

  📊 Progress: 23,600/35,683 (66.14%) | ✓ 23,219 | ✗ 381 | Rate: 2.3/s | ETA: 87m

  📊 Progress: 23,600/35,683 (66.14%) | ✓ 23,219 | ✗ 381 | Rate: 2.3/s | ETA: 87m

  📊 Progress: 23,600/35,683 (66.14%) | ✓ 23,219 | ✗ 381 | Rate: 2.3/s | ETA: 87m

  📊 Progress: 23,650/35,683 (66.28%) | ✓ 23,269 | ✗ 381 | Rate: 2.3/s | ETA: 86m
  [32,200] ✓ cs.LG/2412.14569 (v1)

  📊 Progress: 23,750/35,683 (66.56%) | ✓ 23,369 | ✗ 381 | Rate: 2.3/s | ETA: 85m
  [32,300] ✓ cs.LG/2501.00464 (v1)

  📊 Progress: 23,850/35,683 (66.84%) | ✓ 23,468 | ✗ 382 | Rate: 2.3/s | ETA: 84m
  [32,400] ✓ cs.LG/2501.07593 (v1)

  📊 Progress: 23,900/35,683 (66.98%) | ✓ 23,518 | ✗ 382 | Rate: 2.3/s | ETA: 84m

  📊 Progress: 23,950/35,683 (67.12%) | ✓ 23,568 | ✗ 382 | Rate: 2.3/s | ETA: 83m

  📊 Progress: 23,950/35,683 (67.12%) | ✓ 23,568 | ✗ 382 | Rate: 2.3/s | ETA: 83m

  📊 Progress: 23,950/35,683 (67.12%) | ✓ 23,568 | ✗ 382 | Rate: 2.3/s | ETA: 83m
  [32,500] ✓ cs.LG/2501.15240 (v1)

  📊 Progress: 24,000/35,683 (67.26%) | ✓ 23,618 | ✗ 382 | Rate: 2.3/s | ETA: 83m

  📊 Progress: 24,000/35,683 (67.26%) | ✓ 23,618 | ✗ 382 | Rate: 2.3/s | ETA: 83m

  📊 Progress: 24,050/35,683 (67.40%) | ✓ 23,668 | ✗ 382 | Rate: 2.3/s | ETA: 82m
  [32,600] ✓ cs.LG/2502.01916 (v1)

  📊 Progress: 24,100/35,683 (67.54%) | ✓ 23,716 | ✗ 384 | Rate: 2.3/s | ETA: 82m

  📊 Progress: 24,100/35,683 (67.54%) | ✓ 23,716 | ✗ 384 | Rate: 2.3/s | ETA: 82m

  📊 Progress: 24,150/35,683 (67.68%) | ✓ 23,765 | ✗ 385 | Rate: 2.3/s | ETA: 82m
  [32,700] ✓ cs.LG/2502.10786 (v1)

  📊 Progress: 24,250/35,683 (67.96%) | ✓ 23,865 | ✗ 385 | Rate: 2.4/s | ETA: 81m

  📊 Progress: 24,250/35,683 (67.96%) | ✓ 23,865 | ✗ 385 | Rate: 2.4/s | ETA: 81m
  [32,800] ✓ cs.LG/2502.17997 (v1)

  📊 Progress: 24,300/35,683 (68.10%) | ✓ 23,914 | ✗ 386 | Rate: 2.4/s | ETA: 80m

  📊 Progress: 24,350/35,683 (68.24%) | ✓ 23,964 | ✗ 386 | Rate: 2.4/s | ETA: 80m
  [32,900] ✓ cs.LG/2503.03770 (v1)
  [33,000] ✓ cs.LG/2503.13248 (v1)

  📊 Progress: 24,500/35,683 (68.66%) | ✓ 24,113 | ✗ 387 | Rate: 2.4/s | ETA: 78m

  📊 Progress: 24,550/35,683 (68.80%) | ✓ 24,163 | ✗ 387 | Rate: 2.4/s | ETA: 78m
  [33,100] ✓ cs.LG/2503.23175 (v1)
  [33,200] ✓ cs.LG/2504.07155 (v1)
  [33,300] ✓ cs.LG/2504.16316 (v1)

  📊 Progress: 24,800/35,683 (69.50%) | ✓ 24,413 | ✗ 387 | Rate: 2.4/s | ETA: 75m
  [33,400] ✓ cs.LG/2505.03977 (v1)

  📊 Progress: 24,900/35,683 (69.78%) | ✓ 24,513 | ✗ 387 | Rate: 2.4/s | ETA: 74m
  [33,500] ✓ cs.LG/2505.12758 (v1)
  [33,600] ✓ cs.LG/2505.23799 (v1)

  📊 Progress: 25,150/35,683 (70.48%) | ✓ 24,762 | ✗ 388 | Rate: 2.4/s | ETA: 72m
  [33,700] ✓ cs.LG/2506.08113 (v1)

  📊 Progress: 25,250/35,683 (70.76%) | ✓ 24,862 | ✗ 388 | Rate: 2.4/s | ETA: 71m
  [33,800] ✓ cs.LG/2506.17870 (v1)

  📊 Progress: 25,350/35,683 (71.04%) | ✓ 24,961 | ✗ 389 | Rate: 2.4/s | ETA: 70m

  📊 Progress: 25,350/35,683 (71.04%) | ✓ 24,961 | ✗ 389 | Rate: 2.4/s | ETA: 70m
  [33,900] ✓ cs.LG/2507.05313 (v1)
  [34,000] ✓ cs.LG/2507.16642 (v1)

  📊 Progress: 25,500/35,683 (71.46%) | ✓ 25,111 | ✗ 389 | Rate: 2.4/s | ETA: 69m

  📊 Progress: 25,500/35,683 (71.46%) | ✓ 25,111 | ✗ 389 | Rate: 2.4/s | ETA: 69m
  [34,100] ✓ cs.LG/2508.05567 (v1)

  📊 Progress: 25,650/35,683 (71.88%) | ✓ 25,220 | ✗ 430 | Rate: 2.4/s | ETA: 68m

  📊 Progress: 25,700/35,683 (72.02%) | ✓ 25,220 | ✗ 480 | Rate: 2.4/s | ETA: 68m

  📊 Progress: 25,750/35,683 (72.16%) | ✓ 25,220 | ✗ 530 | Rate: 2.4/s | ETA: 67m

  📊 Progress: 25,800/35,683 (72.30%) | ✓ 25,220 | ✗ 580 | Rate: 2.4/s | ETA: 67m

  📊 Progress: 25,850/35,683 (72.44%) | ✓ 25,220 | ✗ 630 | Rate: 2.4/s | ETA: 66m

  📊 Progress: 25,900/35,683 (72.58%) | ✓ 25,220 | ✗ 680 | Rate: 2.4/s | ETA: 66m

  📊 Progress: 25,950/35,683 (72.72%) | ✓ 25,220 | ✗ 730 | Rate: 2.4/s | ETA: 66m

  📊 Progress: 26,000/35,683 (72.86%) | ✓ 25,220 | ✗ 780 | Rate: 2.4/s | ETA: 65m

  📊 Progress: 26,050/35,683 (73.00%) | ✓ 25,220 | ✗ 830 | Rate: 2.4/s | ETA: 65m

  📊 Progress: 26,100/35,683 (73.14%) | ✓ 25,220 | ✗ 880 | Rate: 2.4/s | ETA: 65m

  📊 Progress: 26,150/35,683 (73.28%) | ✓ 25,220 | ✗ 930 | Rate: 2.4/s | ETA: 64m

  📊 Progress: 26,200/35,683 (73.42%) | ✓ 25,220 | ✗ 980 | Rate: 2.4/s | ETA: 64m

  📊 Progress: 26,250/35,683 (73.56%) | ✓ 25,220 | ✗ 1,030 | Rate: 2.5/s | ETA: 64m

  📊 Progress: 26,300/35,683 (73.70%) | ✓ 25,222 | ✗ 1,078 | Rate: 2.5/s | ETA: 63m

  📊 Progress: 26,300/35,683 (73.70%) | ✓ 25,222 | ✗ 1,078 | Rate: 2.5/s | ETA: 63m

  📊 Progress: 26,350/35,683 (73.84%) | ✓ 25,248 | ✗ 1,102 | Rate: 2.5/s | ETA: 63m

  📊 Progress: 26,350/35,683 (73.84%) | ✓ 25,248 | ✗ 1,102 | Rate: 2.5/s | ETA: 63m
  [34,900] ✓ cs.MA/1006.1414 (v1)

  📊 Progress: 26,400/35,683 (73.98%) | ✓ 25,293 | ✗ 1,107 | Rate: 2.5/s | ETA: 62m

  📊 Progress: 26,450/35,683 (74.12%) | ✓ 25,335 | ✗ 1,115 | Rate: 2.5/s | ETA: 62m
  [35,000] ✓ cs.MA/1305.5719 (v1)

  📊 Progress: 26,500/35,683 (74.27%) | ✓ 25,378 | ✗ 1,122 | Rate: 2.5/s | ETA: 62m
  [35,100] ✓ cs.MA/1504.02442 (v1)

  📊 Progress: 26,600/35,683 (74.55%) | ✓ 25,452 | ✗ 1,148 | Rate: 2.5/s | ETA: 61m
  [35,200] ✓ cs.MA/1609.04099 (v1)

  📊 Progress: 26,750/35,683 (74.97%) | ✓ 25,588 | ✗ 1,162 | Rate: 2.5/s | ETA: 60m
  [35,300] ✓ cs.MA/1712.04307 (v1)

  📊 Progress: 26,800/35,683 (75.11%) | ✓ 25,629 | ✗ 1,171 | Rate: 2.5/s | ETA: 59m
  [35,400] ✓ cs.MA/1812.08252 (v1)

  📊 Progress: 26,950/35,683 (75.53%) | ✓ 25,763 | ✗ 1,187 | Rate: 2.5/s | ETA: 58m
  [35,500] ✓ cs.MA/1910.00741 (v1)

  📊 Progress: 27,000/35,683 (75.67%) | ✓ 25,812 | ✗ 1,188 | Rate: 2.5/s | ETA: 57m
  [35,600] ✓ cs.MA/2003.09335 (v1)

  📊 Progress: 27,150/35,683 (76.09%) | ✓ 25,953 | ✗ 1,197 | Rate: 2.5/s | ETA: 56m
  [35,700] ✓ cs.MA/2009.08628 (v1)

  📊 Progress: 27,200/35,683 (76.23%) | ✓ 25,996 | ✗ 1,204 | Rate: 2.5/s | ETA: 56m
  [35,800] ✓ cs.MA/2103.03022 (v1)

  📊 Progress: 27,350/35,683 (76.65%) | ✓ 26,145 | ✗ 1,205 | Rate: 2.5/s | ETA: 55m
  [35,900] ✓ cs.MA/2108.11991 (v1)

  📊 Progress: 27,400/35,683 (76.79%) | ✓ 26,195 | ✗ 1,205 | Rate: 2.5/s | ETA: 54m

  📊 Progress: 27,450/35,683 (76.93%) | ✓ 26,244 | ✗ 1,206 | Rate: 2.5/s | ETA: 54m

  📊 Progress: 27,450/35,683 (76.93%) | ✓ 26,244 | ✗ 1,206 | Rate: 2.5/s | ETA: 54m

  📊 Progress: 27,450/35,683 (76.93%) | ✓ 26,244 | ✗ 1,206 | Rate: 2.5/s | ETA: 54m
  [36,000] ✓ cs.MA/2203.04452 (v1)

  📊 Progress: 27,500/35,683 (77.07%) | ✓ 26,294 | ✗ 1,206 | Rate: 2.5/s | ETA: 53m

  📊 Progress: 27,550/35,683 (77.21%) | ✓ 26,344 | ✗ 1,206 | Rate: 2.5/s | ETA: 53m
  [36,100] ✓ cs.MA/2208.11618 (v1)

  📊 Progress: 27,600/35,683 (77.35%) | ✓ 26,394 | ✗ 1,206 | Rate: 2.5/s | ETA: 53m
  [36,200] ✓ cs.MA/2303.02989 (v1)

  📊 Progress: 27,750/35,683 (77.77%) | ✓ 26,543 | ✗ 1,207 | Rate: 2.5/s | ETA: 51m

  📊 Progress: 27,750/35,683 (77.77%) | ✓ 26,543 | ✗ 1,207 | Rate: 2.5/s | ETA: 51m

  📊 Progress: 27,750/35,683 (77.77%) | ✓ 26,543 | ✗ 1,207 | Rate: 2.5/s | ETA: 51m
  [36,300] ✓ cs.MA/2310.02346 (v1)

  📊 Progress: 27,850/35,683 (78.05%) | ✓ 26,641 | ✗ 1,209 | Rate: 2.5/s | ETA: 51m

  📊 Progress: 27,850/35,683 (78.05%) | ✓ 26,641 | ✗ 1,209 | Rate: 2.5/s | ETA: 51m
  [36,400] ✓ cs.MA/2403.17209 (v1)

  📊 Progress: 27,900/35,683 (78.19%) | ✓ 26,691 | ✗ 1,209 | Rate: 2.6/s | ETA: 50m

  📊 Progress: 27,900/35,683 (78.19%) | ✓ 26,691 | ✗ 1,209 | Rate: 2.6/s | ETA: 50m

  📊 Progress: 27,950/35,683 (78.33%) | ✓ 26,741 | ✗ 1,209 | Rate: 2.6/s | ETA: 50m
  [36,500] ✓ cs.MA/2411.05945 (v1)
  [36,600] ✓ cs.MA/2506.00046 (v1)

  📊 Progress: 28,100/35,683 (78.75%) | ✓ 26,889 | ✗ 1,211 | Rate: 2.6/s | ETA: 49m

  📊 Progress: 28,150/35,683 (78.89%) | ✓ 26,889 | ✗ 1,261 | Rate: 2.6/s | ETA: 48m

  📊 Progress: 28,200/35,683 (79.03%) | ✓ 26,915 | ✗ 1,285 | Rate: 2.6/s | ETA: 48m

  📊 Progress: 28,250/35,683 (79.17%) | ✓ 26,930 | ✗ 1,320 | Rate: 2.6/s | ETA: 48m
  [36,800] ✓ cs.MM/1305.5216 (v1)

  📊 Progress: 28,300/35,683 (79.31%) | ✓ 26,959 | ✗ 1,341 | Rate: 2.6/s | ETA: 47m

  📊 Progress: 28,300/35,683 (79.31%) | ✓ 26,959 | ✗ 1,341 | Rate: 2.6/s | ETA: 47m

  📊 Progress: 28,350/35,683 (79.45%) | ✓ 26,991 | ✗ 1,359 | Rate: 2.6/s | ETA: 47m
  [36,900] ✓ cs.MM/1503.06959 (v1)

  📊 Progress: 28,400/35,683 (79.59%) | ✓ 27,023 | ✗ 1,377 | Rate: 2.6/s | ETA: 47m
  [37,000] ✓ cs.MM/1611.07233 (v1)

  📊 Progress: 28,550/35,683 (80.01%) | ✓ 27,142 | ✗ 1,408 | Rate: 2.6/s | ETA: 46m

  📊 Progress: 28,550/35,683 (80.01%) | ✓ 27,142 | ✗ 1,408 | Rate: 2.6/s | ETA: 46m
  [37,100] ✓ cs.MM/1805.00041 (v1)

  📊 Progress: 28,650/35,683 (80.29%) | ✓ 27,232 | ✗ 1,418 | Rate: 2.6/s | ETA: 45m

  📊 Progress: 28,650/35,683 (80.29%) | ✓ 27,232 | ✗ 1,418 | Rate: 2.6/s | ETA: 45m

  📊 Progress: 28,650/35,683 (80.29%) | ✓ 27,232 | ✗ 1,418 | Rate: 2.6/s | ETA: 45m
  [37,200] ✓ cs.MM/1905.13087 (v1)

  📊 Progress: 28,750/35,683 (80.57%) | ✓ 27,322 | ✗ 1,428 | Rate: 2.6/s | ETA: 44m
  [37,300] ✓ cs.MM/2002.10696 (v1)

  📊 Progress: 28,800/35,683 (80.71%) | ✓ 27,359 | ✗ 1,441 | Rate: 2.6/s | ETA: 44m
  [37,400] ✓ cs.MM/2009.05381 (v1)
  [37,500] ✓ cs.MM/2103.10018 (v1)

  📊 Progress: 29,050/35,683 (81.41%) | ✓ 27,596 | ✗ 1,454 | Rate: 2.6/s | ETA: 42m
  [37,600] ✓ cs.MM/2110.01010 (v1)

  📊 Progress: 29,100/35,683 (81.55%) | ✓ 27,646 | ✗ 1,454 | Rate: 2.6/s | ETA: 41m
  [37,700] ✓ cs.MM/2205.10815 (v1)

  📊 Progress: 29,200/35,683 (81.83%) | ✓ 27,746 | ✗ 1,454 | Rate: 2.6/s | ETA: 41m
  [37,800] ✓ cs.MM/2211.05429 (v1)

  📊 Progress: 29,300/35,683 (82.11%) | ✓ 27,846 | ✗ 1,454 | Rate: 2.6/s | ETA: 40m
  [37,900] ✓ cs.MM/2305.05440 (v1)

  📊 Progress: 29,400/35,683 (82.39%) | ✓ 27,946 | ✗ 1,454 | Rate: 2.6/s | ETA: 39m
  [38,000] ✓ cs.MM/2310.07287 (v1)

  📊 Progress: 29,500/35,683 (82.67%) | ✓ 28,046 | ✗ 1,454 | Rate: 2.6/s | ETA: 39m
  [38,100] ✓ cs.MM/2405.07354 (v1)
  [38,200] ✓ cs.MM/2411.03948 (v1)

  📊 Progress: 29,700/35,683 (83.23%) | ✓ 28,246 | ✗ 1,454 | Rate: 2.6/s | ETA: 37m

  📊 Progress: 29,700/35,683 (83.23%) | ✓ 28,246 | ✗ 1,454 | Rate: 2.6/s | ETA: 37m

  📊 Progress: 29,750/35,683 (83.37%) | ✓ 28,296 | ✗ 1,454 | Rate: 2.6/s | ETA: 37m
  [38,300] ✓ cs.MM/2507.07911 (v1)

  📊 Progress: 29,800/35,683 (83.51%) | ✓ 28,345 | ✗ 1,455 | Rate: 2.6/s | ETA: 37m
  [38,400] ✓ cs.SE/0803.4025 (v1)

  📊 Progress: 29,850/35,683 (83.65%) | ✓ 28,350 | ✗ 1,500 | Rate: 2.7/s | ETA: 36m

  📊 Progress: 29,900/35,683 (83.79%) | ✓ 28,378 | ✗ 1,522 | Rate: 2.7/s | ETA: 36m

  📊 Progress: 29,950/35,683 (83.93%) | ✓ 28,421 | ✗ 1,529 | Rate: 2.7/s | ETA: 35m

  📊 Progress: 29,950/35,683 (83.93%) | ✓ 28,421 | ✗ 1,529 | Rate: 2.7/s | ETA: 35m
  [38,500] ✓ cs.SE/1010.2826 (v1)

  📊 Progress: 30,000/35,683 (84.07%) | ✓ 28,452 | ✗ 1,548 | Rate: 2.7/s | ETA: 35m

  📊 Progress: 30,050/35,683 (84.21%) | ✓ 28,487 | ✗ 1,563 | Rate: 2.7/s | ETA: 35m
  [38,600] ✓ cs.SE/1111.4745 (v1)

  📊 Progress: 30,200/35,683 (84.63%) | ✓ 28,586 | ✗ 1,614 | Rate: 2.7/s | ETA: 34m
  [38,800] ✓ cs.SE/1306.0762 (v1)

  📊 Progress: 30,250/35,683 (84.77%) | ✓ 28,614 | ✗ 1,636 | Rate: 2.7/s | ETA: 33m

  📊 Progress: 30,250/35,683 (84.77%) | ✓ 28,614 | ✗ 1,636 | Rate: 2.7/s | ETA: 33m

  📊 Progress: 30,300/35,683 (84.91%) | ✓ 28,640 | ✗ 1,660 | Rate: 2.7/s | ETA: 33m

  📊 Progress: 30,300/35,683 (84.91%) | ✓ 28,640 | ✗ 1,660 | Rate: 2.7/s | ETA: 33m

  📊 Progress: 30,350/35,683 (85.05%) | ✓ 28,672 | ✗ 1,678 | Rate: 2.7/s | ETA: 33m

  📊 Progress: 30,400/35,683 (85.19%) | ✓ 28,684 | ✗ 1,716 | Rate: 2.7/s | ETA: 32m

  📊 Progress: 30,400/35,683 (85.19%) | ✓ 28,684 | ✗ 1,716 | Rate: 2.7/s | ETA: 32m

  📊 Progress: 30,450/35,683 (85.33%) | ✓ 28,707 | ✗ 1,743 | Rate: 2.7/s | ETA: 32m
  [39,000] ✗ cs.SE/1404.4713 v1 - File not found
  [39,000] ✗ cs.SE/1404.4713 v2 - File not found
  [39,000] ✗ cs.SE/1404.4713 v3 - File not found

  📊 Progress: 30,500/35,683 (85.47%) | ✓ 28,744 | ✗ 1,756 | Rate: 2.7/s | ETA: 32m
  [39,000] ✗ cs.SE/1404.4713 v4 - File not found
  [39,000] ✗ All versions failed: cs.SE/1404.4713

  📊 Progress: 30,550/35,683 (85.61%) | ✓ 28,762 | ✗ 1,788 | Rate: 2.7/s | ETA: 31m

  📊 Progress: 30,600/35,683 (85.76%) | ✓ 28,779 | ✗ 1,821 | Rate: 2.7/s | ETA: 31m

  📊 Progress: 30,650/35,683 (85.90%) | ✓ 28,807 | ✗ 1,843 | Rate: 2.7/s | ETA: 31m
  [39,200] ✓ cs.SE/1504.03947 (v1)

  📊 Progress: 30,750/35,683 (86.18%) | ✓ 28,869 | ✗ 1,881 | Rate: 2.7/s | ETA: 30m
  [39,300] ✓ cs.SE/1512.01896 (v1)

  📊 Progress: 30,800/35,683 (86.32%) | ✓ 28,896 | ✗ 1,904 | Rate: 2.7/s | ETA: 30m

  📊 Progress: 30,850/35,683 (86.46%) | ✓ 28,935 | ✗ 1,915 | Rate: 2.7/s | ETA: 29m

  📊 Progress: 30,850/35,683 (86.46%) | ✓ 28,935 | ✗ 1,915 | Rate: 2.7/s | ETA: 29m

  📊 Progress: 30,850/35,683 (86.46%) | ✓ 28,935 | ✗ 1,915 | Rate: 2.7/s | ETA: 29m
  [39,400] ✓ cs.SE/1607.04342 (v1)

  📊 Progress: 30,950/35,683 (86.74%) | ✓ 29,022 | ✗ 1,928 | Rate: 2.7/s | ETA: 29m

  📊 Progress: 30,950/35,683 (86.74%) | ✓ 29,022 | ✗ 1,928 | Rate: 2.7/s | ETA: 29m
  [39,500] ✓ cs.SE/1612.03224 (v1)
  [39,600] ✓ cs.SE/1703.10674 (v1)

  📊 Progress: 31,100/35,683 (87.16%) | ✓ 29,134 | ✗ 1,966 | Rate: 2.7/s | ETA: 28m

  📊 Progress: 31,100/35,683 (87.16%) | ✓ 29,134 | ✗ 1,966 | Rate: 2.7/s | ETA: 28m
  [39,700] ✓ cs.SE/1708.07228 (v1)

  📊 Progress: 31,200/35,683 (87.44%) | ✓ 29,205 | ✗ 1,995 | Rate: 2.7/s | ETA: 27m

  📊 Progress: 31,250/35,683 (87.58%) | ✓ 29,233 | ✗ 2,017 | Rate: 2.7/s | ETA: 27m
  [39,800] ✓ cs.SE/1801.00903 (v1)
  [39,900] ✓ cs.SE/1804.02903 (v1)

  📊 Progress: 31,400/35,683 (88.00%) | ✓ 29,353 | ✗ 2,047 | Rate: 2.7/s | ETA: 26m

  📊 Progress: 31,450/35,683 (88.14%) | ✓ 29,393 | ✗ 2,057 | Rate: 2.7/s | ETA: 26m
  [40,000] ✓ cs.SE/1807.02964 (v1)

  📊 Progress: 31,550/35,683 (88.42%) | ✓ 29,483 | ✗ 2,067 | Rate: 2.7/s | ETA: 25m
  [40,100] ✓ cs.SE/1810.09613 (v1)

  📊 Progress: 31,600/35,683 (88.56%) | ✓ 29,526 | ✗ 2,074 | Rate: 2.7/s | ETA: 25m

  📊 Progress: 31,650/35,683 (88.70%) | ✓ 29,561 | ✗ 2,089 | Rate: 2.7/s | ETA: 24m

  📊 Progress: 31,650/35,683 (88.70%) | ✓ 29,561 | ✗ 2,089 | Rate: 2.7/s | ETA: 24m
  [40,200] ✓ cs.SE/1901.07910 (v1)
  [40,300] ✓ cs.SE/1905.00357 (v1)

  📊 Progress: 31,800/35,683 (89.12%) | ✓ 29,674 | ✗ 2,126 | Rate: 2.7/s | ETA: 24m

  📊 Progress: 31,850/35,683 (89.26%) | ✓ 29,718 | ✗ 2,132 | Rate: 2.7/s | ETA: 23m

  📊 Progress: 31,850/35,683 (89.26%) | ✓ 29,718 | ✗ 2,132 | Rate: 2.7/s | ETA: 23m

  📊 Progress: 31,850/35,683 (89.26%) | ✓ 29,718 | ✗ 2,132 | Rate: 2.7/s | ETA: 23m

  📊 Progress: 31,850/35,683 (89.26%) | ✓ 29,718 | ✗ 2,132 | Rate: 2.7/s | ETA: 23m

  📊 Progress: 31,850/35,683 (89.26%) | ✓ 29,718 | ✗ 2,132 | Rate: 2.7/s | ETA: 23m
  [40,400] ✓ cs.SE/1907.09282 (v1)

  📊 Progress: 31,900/35,683 (89.40%) | ✓ 29,760 | ✗ 2,140 | Rate: 2.7/s | ETA: 23m
  [40,500] ✓ cs.SE/1911.05719 (v1)

  📊 Progress: 32,000/35,683 (89.68%) | ✓ 29,843 | ✗ 2,157 | Rate: 2.7/s | ETA: 22m

  📊 Progress: 32,050/35,683 (89.82%) | ✓ 29,887 | ✗ 2,163 | Rate: 2.7/s | ETA: 22m
  [40,600] ✓ cs.SE/2002.05341 (v1)

  📊 Progress: 32,100/35,683 (89.96%) | ✓ 29,935 | ✗ 2,165 | Rate: 2.7/s | ETA: 22m

  📊 Progress: 32,100/35,683 (89.96%) | ✓ 29,935 | ✗ 2,165 | Rate: 2.7/s | ETA: 22m
  [40,700] ✓ cs.SE/2004.09210 (v1)
  [40,800] ✓ cs.SE/2006.11597 (v1)
  [40,900] ✓ cs.SE/2008.11007 (v1)

  📊 Progress: 32,400/35,683 (90.80%) | ✓ 30,195 | ✗ 2,205 | Rate: 2.7/s | ETA: 20m
  [41,000] ✓ cs.SE/2011.01149 (v1)

  📊 Progress: 32,500/35,683 (91.08%) | ✓ 30,295 | ✗ 2,205 | Rate: 2.7/s | ETA: 19m

  📊 Progress: 32,550/35,683 (91.22%) | ✓ 30,345 | ✗ 2,205 | Rate: 2.7/s | ETA: 19m

  📊 Progress: 32,550/35,683 (91.22%) | ✓ 30,345 | ✗ 2,205 | Rate: 2.7/s | ETA: 19m

  📊 Progress: 32,550/35,683 (91.22%) | ✓ 30,345 | ✗ 2,205 | Rate: 2.7/s | ETA: 19m
  [41,100] ✓ cs.SE/2101.03989 (v1)

  📊 Progress: 32,650/35,683 (91.50%) | ✓ 30,445 | ✗ 2,205 | Rate: 2.7/s | ETA: 18m
  [41,200] ✓ cs.SE/2103.04251 (v1)

  📊 Progress: 32,750/35,683 (91.78%) | ✓ 30,545 | ✗ 2,205 | Rate: 2.7/s | ETA: 17m

  📊 Progress: 32,750/35,683 (91.78%) | ✓ 30,545 | ✗ 2,205 | Rate: 2.7/s | ETA: 17m
  [41,300] ✓ cs.SE/2104.03820 (v1)

  📊 Progress: 32,850/35,683 (92.06%) | ✓ 30,645 | ✗ 2,205 | Rate: 2.7/s | ETA: 17m

  📊 Progress: 32,850/35,683 (92.06%) | ✓ 30,645 | ✗ 2,205 | Rate: 2.7/s | ETA: 17m
  [41,400] ✓ cs.SE/2106.01729 (v1)
  [41,500] ✓ cs.SE/2108.02961 (v1)

  📊 Progress: 33,000/35,683 (92.48%) | ✓ 30,793 | ✗ 2,207 | Rate: 2.7/s | ETA: 16m

  📊 Progress: 33,000/35,683 (92.48%) | ✓ 30,793 | ✗ 2,207 | Rate: 2.7/s | ETA: 16m

  📊 Progress: 33,000/35,683 (92.48%) | ✓ 30,793 | ✗ 2,207 | Rate: 2.7/s | ETA: 16m

  📊 Progress: 33,050/35,683 (92.62%) | ✓ 30,843 | ✗ 2,207 | Rate: 2.7/s | ETA: 16m
  [41,600] ✓ cs.SE/2109.12079 (v1)

  📊 Progress: 33,100/35,683 (92.76%) | ✓ 30,891 | ✗ 2,209 | Rate: 2.7/s | ETA: 15m

  📊 Progress: 33,100/35,683 (92.76%) | ✓ 30,891 | ✗ 2,209 | Rate: 2.7/s | ETA: 15m

  📊 Progress: 33,150/35,683 (92.90%) | ✓ 30,940 | ✗ 2,210 | Rate: 2.7/s | ETA: 15m

  📊 Progress: 33,150/35,683 (92.90%) | ✓ 30,940 | ✗ 2,210 | Rate: 2.7/s | ETA: 15m

  📊 Progress: 33,150/35,683 (92.90%) | ✓ 30,940 | ✗ 2,210 | Rate: 2.7/s | ETA: 15m

  📊 Progress: 33,150/35,683 (92.90%) | ✓ 30,940 | ✗ 2,210 | Rate: 2.7/s | ETA: 15m

  📊 Progress: 33,150/35,683 (92.90%) | ✓ 30,940 | ✗ 2,210 | Rate: 2.7/s | ETA: 15m
  [41,700] ✓ cs.SE/2112.00858 (v1)

  📊 Progress: 33,200/35,683 (93.04%) | ✓ 30,990 | ✗ 2,210 | Rate: 2.7/s | ETA: 15m

  📊 Progress: 33,200/35,683 (93.04%) | ✓ 30,990 | ✗ 2,210 | Rate: 2.7/s | ETA: 15m
  [41,800] ✓ cs.SE/2202.02974 (v1)

  📊 Progress: 33,300/35,683 (93.32%) | ✓ 31,089 | ✗ 2,211 | Rate: 2.7/s | ETA: 14m

  📊 Progress: 33,300/35,683 (93.32%) | ✓ 31,089 | ✗ 2,211 | Rate: 2.7/s | ETA: 14m

  📊 Progress: 33,300/35,683 (93.32%) | ✓ 31,089 | ✗ 2,211 | Rate: 2.7/s | ETA: 14m
  [41,900] ✓ cs.SE/2203.15988 (v1)

  📊 Progress: 33,400/35,683 (93.60%) | ✓ 31,188 | ✗ 2,212 | Rate: 2.7/s | ETA: 13m

  📊 Progress: 33,450/35,683 (93.74%) | ✓ 31,238 | ✗ 2,212 | Rate: 2.7/s | ETA: 13m
  [42,000] ✓ cs.SE/2205.04657 (v1)
  [42,100] ✓ cs.SE/2207.09713 (v1)

  📊 Progress: 33,600/35,683 (94.16%) | ✓ 31,388 | ✗ 2,212 | Rate: 2.7/s | ETA: 12m

  📊 Progress: 33,600/35,683 (94.16%) | ✓ 31,388 | ✗ 2,212 | Rate: 2.7/s | ETA: 12m

  📊 Progress: 33,600/35,683 (94.16%) | ✓ 31,388 | ✗ 2,212 | Rate: 2.7/s | ETA: 12m

  📊 Progress: 33,650/35,683 (94.30%) | ✓ 31,438 | ✗ 2,212 | Rate: 2.7/s | ETA: 12m

  📊 Progress: 33,650/35,683 (94.30%) | ✓ 31,438 | ✗ 2,212 | Rate: 2.7/s | ETA: 12m
  [42,200] ✓ cs.SE/2209.05843 (v1)
  [42,300] ✓ cs.SE/2211.14417 (v1)

  📊 Progress: 33,800/35,683 (94.72%) | ✓ 31,586 | ✗ 2,214 | Rate: 2.8/s | ETA: 11m

  📊 Progress: 33,800/35,683 (94.72%) | ✓ 31,586 | ✗ 2,214 | Rate: 2.8/s | ETA: 11m

  📊 Progress: 33,850/35,683 (94.86%) | ✓ 31,635 | ✗ 2,215 | Rate: 2.8/s | ETA: 11m
  [42,400] ✓ cs.SE/2302.07181 (v1)

  📊 Progress: 33,950/35,683 (95.14%) | ✓ 31,734 | ✗ 2,216 | Rate: 2.8/s | ETA: 10m
  [42,500] ✓ cs.SE/2305.00888 (v1)

  📊 Progress: 34,050/35,683 (95.42%) | ✓ 31,834 | ✗ 2,216 | Rate: 2.8/s | ETA: 9m
  [42,600] ✓ cs.SE/2306.11534 (v1)
  [42,700] ✓ cs.SE/2308.09978 (v1)

  📊 Progress: 34,200/35,683 (95.84%) | ✓ 31,984 | ✗ 2,216 | Rate: 2.8/s | ETA: 8m

  📊 Progress: 34,200/35,683 (95.84%) | ✓ 31,984 | ✗ 2,216 | Rate: 2.8/s | ETA: 8m

  📊 Progress: 34,250/35,683 (95.98%) | ✓ 32,034 | ✗ 2,216 | Rate: 2.8/s | ETA: 8m
  [42,800] ✓ cs.SE/2310.05292 (v1)

  📊 Progress: 34,300/35,683 (96.12%) | ✓ 32,084 | ✗ 2,216 | Rate: 2.8/s | ETA: 8m
  [42,900] ✓ cs.SE/2312.04662 (v1)

  📊 Progress: 34,400/35,683 (96.40%) | ✓ 32,183 | ✗ 2,217 | Rate: 2.8/s | ETA: 7m

  📊 Progress: 34,450/35,683 (96.54%) | ✓ 32,233 | ✗ 2,217 | Rate: 2.8/s | ETA: 7m

  📊 Progress: 34,450/35,683 (96.54%) | ✓ 32,233 | ✗ 2,217 | Rate: 2.8/s | ETA: 7m

  📊 Progress: 34,450/35,683 (96.54%) | ✓ 32,233 | ✗ 2,217 | Rate: 2.8/s | ETA: 7m

  📊 Progress: 34,450/35,683 (96.54%) | ✓ 32,233 | ✗ 2,217 | Rate: 2.8/s | ETA: 7m
  [43,000] ✓ cs.SE/2401.14968 (v1)

  📊 Progress: 34,500/35,683 (96.68%) | ✓ 32,283 | ✗ 2,217 | Rate: 2.8/s | ETA: 7m

  📊 Progress: 34,550/35,683 (96.82%) | ✓ 32,333 | ✗ 2,217 | Rate: 2.8/s | ETA: 6m
  [43,100] ✓ cs.SE/2403.00633 (v1)
  [43,200] ✓ cs.SE/2404.07235 (v1)

  📊 Progress: 34,700/35,683 (97.25%) | ✓ 32,483 | ✗ 2,217 | Rate: 2.8/s | ETA: 5m

  📊 Progress: 34,700/35,683 (97.25%) | ✓ 32,483 | ✗ 2,217 | Rate: 2.8/s | ETA: 5m

  📊 Progress: 34,700/35,683 (97.25%) | ✓ 32,483 | ✗ 2,217 | Rate: 2.8/s | ETA: 5m

  📊 Progress: 34,750/35,683 (97.39%) | ✓ 32,532 | ✗ 2,218 | Rate: 2.8/s | ETA: 5m
  [43,300] ✓ cs.SE/2405.18573 (v1)

  📊 Progress: 34,850/35,683 (97.67%) | ✓ 32,631 | ✗ 2,219 | Rate: 2.8/s | ETA: 4m
  [43,400] ✓ cs.SE/2407.17065 (v1)
  [43,500] ✓ cs.SE/2409.04834 (v1)

  📊 Progress: 35,000/35,683 (98.09%) | ✓ 32,781 | ✗ 2,219 | Rate: 2.8/s | ETA: 4m

  📊 Progress: 35,050/35,683 (98.23%) | ✓ 32,831 | ✗ 2,219 | Rate: 2.8/s | ETA: 3m

  📊 Progress: 35,050/35,683 (98.23%) | ✓ 32,831 | ✗ 2,219 | Rate: 2.8/s | ETA: 3m

  📊 Progress: 35,050/35,683 (98.23%) | ✓ 32,831 | ✗ 2,219 | Rate: 2.8/s | ETA: 3m
  [43,600] ✓ cs.SE/2410.22151 (v1)

  📊 Progress: 35,150/35,683 (98.51%) | ✓ 32,931 | ✗ 2,219 | Rate: 2.8/s | ETA: 3m

  📊 Progress: 35,150/35,683 (98.51%) | ✓ 32,931 | ✗ 2,219 | Rate: 2.8/s | ETA: 3m
  [43,700] ✓ cs.SE/2501.11965 (v1)
  [43,800] ✓ cs.SE/2503.11246 (v1)

  📊 Progress: 35,300/35,683 (98.93%) | ✓ 33,081 | ✗ 2,219 | Rate: 2.8/s | ETA: 2m

  📊 Progress: 35,300/35,683 (98.93%) | ✓ 33,081 | ✗ 2,219 | Rate: 2.8/s | ETA: 2m

  📊 Progress: 35,300/35,683 (98.93%) | ✓ 33,081 | ✗ 2,219 | Rate: 2.8/s | ETA: 2m

  📊 Progress: 35,300/35,683 (98.93%) | ✓ 33,081 | ✗ 2,219 | Rate: 2.8/s | ETA: 2m
  [43,900] ✓ cs.SE/2505.05986 (v1)

  📊 Progress: 35,400/35,683 (99.21%) | ✓ 33,180 | ✗ 2,220 | Rate: 2.8/s | ETA: 1m

  📊 Progress: 35,400/35,683 (99.21%) | ✓ 33,180 | ✗ 2,220 | Rate: 2.8/s | ETA: 1m

  📊 Progress: 35,400/35,683 (99.21%) | ✓ 33,180 | ✗ 2,220 | Rate: 2.8/s | ETA: 1m

  📊 Progress: 35,450/35,683 (99.35%) | ✓ 33,229 | ✗ 2,221 | Rate: 2.8/s | ETA: 1m
  [44,000] ✓ cs.SE/2507.06354 (v1)

  📊 Progress: 35,550/35,683 (99.63%) | ✓ 33,293 | ✗ 2,257 | Rate: 2.8/s | ETA: 0m

  📊 Progress: 35,600/35,683 (99.77%) | ✓ 33,293 | ✗ 2,307 | Rate: 2.8/s | ETA: 0m

  📊 Progress: 35,650/35,683 (99.91%) | ✓ 33,293 | ✗ 2,357 | Rate: 2.8/s | ETA: 0m

  📊 Progress: 35,683/35,683 (100.00%) | ✓ 33,293 | ✗ 2,390 | Rate: 2.8/s | ETA: 0m

======================================================================
DOWNLOAD COMPLETE
======================================================================
Total: 33,293 downloaded, 2,390 failed

By Category:
  cs.AI    (Artificial Intelligence       ): ✓      0 | ✗      0
  cs.CL    (Computation & Language        ): ✓      0 | ✗      0
  cs.CR    (Cryptography and Security     ): ✓      0 | ✗      0
  cs.CV    (Computer Vision               ): ✓      0 | ✗      0
  cs.DC    (Distributed, Parallel, and Cluster Computing): ✓      0 | ✗      0
  cs.IR    (Information Retrieval         ): ✓      0 | ✗      0
  cs.LG    (Machine Learning              ): ✓ 25,220 | ✗  1,105
  cs.MA    (Multi-Agent Systems           ): ✓  1,669 | ✗    170
  cs.MM    (Multimedia                    ): ✓  1,456 | ✗    248
  cs.SE    (Software Engineering          ): ✓  4,948 | ✗    867

Output: pdfs
Structure: {category}/{year_month}/{paper_id}.pdf
Metadata: pdfs/_metadata/{category}_papers.jsonl

📋 Download Records:
  ✓ Successful: pdfs/_successful_downloads.jsonl
     (94,520 records)
  ✗ Failed: pdfs/_failed_downloads.jsonl
     (14,258 records)

💡 To retry failed downloads:
   python -c "
   import json
   with open('pdfs/_failed_downloads.jsonl') as f:
       for line in f:
           data = json.loads(line)
           print(f"{data['category']}|{data['paper_id']}")" > failed_retry.txt
   python downloader.py --ids failed_retry.txt --output pdfs
2026-01-10 09:48:19,867 [INFO] Download complete. Successful: 33,293, Failed: 2,390
2026-01-10 09:48:19,868 [INFO] Records saved to: pdfs/_successful_downloads.jsonl and pdfs/_failed_downloads.jsonl
